{"/media/guilherme/Novo volume1/Linux/projetos-trybe/sd-023-b-trybe-futebol-clube/app/backend/src/app.ts":{"path":"/media/guilherme/Novo volume1/Linux/projetos-trybe/sd-023-b-trybe-futebol-clube/app/backend/src/app.ts","statementMap":{"0":{"start":{"line":2,"column":0},"end":{"line":2,"column":62}},"1":{"start":{"line":3,"column":0},"end":{"line":3,"column":35}},"2":{"start":{"line":4,"column":16},"end":{"line":4,"column":34}},"3":{"start":{"line":5,"column":21},"end":{"line":5,"column":51}},"4":{"start":{"line":6,"column":21},"end":{"line":6,"column":51}},"5":{"start":{"line":7,"column":23},"end":{"line":7,"column":55}},"6":{"start":{"line":8,"column":27},"end":{"line":8,"column":63}},"7":{"start":{"line":11,"column":8},"end":{"line":11,"column":29}},"8":{"start":{"line":12,"column":8},"end":{"line":12,"column":22}},"9":{"start":{"line":14,"column":8},"end":{"line":14,"column":64}},"10":{"start":{"line":14,"column":40},"end":{"line":14,"column":62}},"11":{"start":{"line":17,"column":30},"end":{"line":22,"column":9}},"12":{"start":{"line":18,"column":12},"end":{"line":18,"column":59}},"13":{"start":{"line":19,"column":12},"end":{"line":19,"column":92}},"14":{"start":{"line":20,"column":12},"end":{"line":20,"column":60}},"15":{"start":{"line":21,"column":12},"end":{"line":21,"column":19}},"16":{"start":{"line":23,"column":8},"end":{"line":23,"column":37}},"17":{"start":{"line":24,"column":8},"end":{"line":24,"column":36}},"18":{"start":{"line":25,"column":8},"end":{"line":25,"column":53}},"19":{"start":{"line":26,"column":8},"end":{"line":26,"column":53}},"20":{"start":{"line":27,"column":8},"end":{"line":27,"column":57}},"21":{"start":{"line":28,"column":8},"end":{"line":28,"column":65}},"22":{"start":{"line":31,"column":8},"end":{"line":31,"column":76}},"23":{"start":{"line":31,"column":36},"end":{"line":31,"column":74}},"24":{"start":{"line":34,"column":0},"end":{"line":34,"column":18}},"25":{"start":{"line":36,"column":0},"end":{"line":36,"column":28}}},"fnMap":{"0":{"name":"(anonymous_0)","decl":{"start":{"line":10,"column":4},"end":{"line":10,"column":5}},"loc":{"start":{"line":10,"column":18},"end":{"line":15,"column":5}},"line":10},"1":{"name":"(anonymous_1)","decl":{"start":{"line":14,"column":26},"end":{"line":14,"column":27}},"loc":{"start":{"line":14,"column":40},"end":{"line":14,"column":62}},"line":14},"2":{"name":"(anonymous_2)","decl":{"start":{"line":16,"column":4},"end":{"line":16,"column":5}},"loc":{"start":{"line":16,"column":13},"end":{"line":29,"column":5}},"line":16},"3":{"name":"(anonymous_3)","decl":{"start":{"line":17,"column":30},"end":{"line":17,"column":31}},"loc":{"start":{"line":17,"column":51},"end":{"line":22,"column":9}},"line":17},"4":{"name":"(anonymous_4)","decl":{"start":{"line":30,"column":4},"end":{"line":30,"column":5}},"loc":{"start":{"line":30,"column":16},"end":{"line":32,"column":5}},"line":30},"5":{"name":"(anonymous_5)","decl":{"start":{"line":31,"column":30},"end":{"line":31,"column":31}},"loc":{"start":{"line":31,"column":36},"end":{"line":31,"column":74}},"line":31}},"branchMap":{},"s":{"0":1,"1":1,"2":1,"3":1,"4":1,"5":1,"6":1,"7":1,"8":1,"9":1,"10":0,"11":1,"12":24,"13":24,"14":24,"15":24,"16":1,"17":1,"18":1,"19":1,"20":1,"21":1,"22":0,"23":0,"24":1,"25":1},"f":{"0":1,"1":0,"2":1,"3":24,"4":0,"5":0},"b":{},"inputSourceMap":{"version":3,"file":"/media/guilherme/Novo volume1/Linux/projetos-trybe/sd-023-b-trybe-futebol-clube/app/backend/src/app.ts","sources":["/media/guilherme/Novo volume1/Linux/projetos-trybe/sd-023-b-trybe-futebol-clube/app/backend/src/app.ts"],"names":[],"mappings":";;;AAAA,mCAAmC;AACnC,oDAA6C;AAC7C,oDAA6C;AAC7C,wDAAiD;AACjD,gEAAyD;AAEzD,MAAM,GAAG;IAGP;QACE,IAAI,CAAC,GAAG,GAAG,OAAO,EAAE,CAAC;QAErB,IAAI,CAAC,MAAM,EAAE,CAAC;QAEd,wBAAwB;QACxB,IAAI,CAAC,GAAG,CAAC,GAAG,CAAC,GAAG,EAAE,CAAC,GAAG,EAAE,GAAG,EAAE,EAAE,CAAC,GAAG,CAAC,IAAI,CAAC,EAAE,EAAE,EAAE,IAAI,EAAE,CAAC,CAAC,CAAC;IAC1D,CAAC;IAEO,MAAM;QACZ,MAAM,aAAa,GAA2B,CAAC,IAAI,EAAE,GAAG,EAAE,IAAI,EAAE,EAAE;YAChE,GAAG,CAAC,MAAM,CAAC,6BAA6B,EAAE,GAAG,CAAC,CAAC;YAC/C,GAAG,CAAC,MAAM,CAAC,8BAA8B,EAAE,mCAAmC,CAAC,CAAC;YAChF,GAAG,CAAC,MAAM,CAAC,8BAA8B,EAAE,GAAG,CAAC,CAAC;YAChD,IAAI,EAAE,CAAC;QACT,CAAC,CAAC;QAEF,IAAI,CAAC,GAAG,CAAC,GAAG,CAAC,OAAO,CAAC,IAAI,EAAE,CAAC,CAAC;QAC7B,IAAI,CAAC,GAAG,CAAC,GAAG,CAAC,aAAa,CAAC,CAAC;QAC5B,IAAI,CAAC,GAAG,CAAC,GAAG,CAAC,QAAQ,EAAE,oBAAU,CAAC,CAAC;QACnC,IAAI,CAAC,GAAG,CAAC,GAAG,CAAC,QAAQ,EAAE,oBAAU,CAAC,CAAC;QACnC,IAAI,CAAC,GAAG,CAAC,GAAG,CAAC,UAAU,EAAE,sBAAY,CAAC,CAAC;QACvC,IAAI,CAAC,GAAG,CAAC,GAAG,CAAC,cAAc,EAAE,0BAAgB,CAAC,CAAC;IACjD,CAAC;IAEM,KAAK,CAAC,IAAqB;QAChC,IAAI,CAAC,GAAG,CAAC,MAAM,CAAC,IAAI,EAAE,GAAG,EAAE,CAAC,OAAO,CAAC,GAAG,CAAC,mBAAmB,IAAI,EAAE,CAAC,CAAC,CAAC;IACtE,CAAC;CACF;AAEQ,kBAAG;AAEZ,2FAA2F;AAC5E,WAAG,GAAK,IAAI,GAAG,EAAE,KAAC","sourcesContent":["import * as express from 'express';\nimport loginRoute from './routes/loginRoute';\nimport teamsRoute from './routes/teamsRoute';\nimport matchesRoute from './routes/matchesRoute';\nimport leaderboardRoute from './routes/leaderboardRoute';\n\nclass App {\n  public app: express.Express;\n\n  constructor() {\n    this.app = express();\n\n    this.config();\n\n    // Não remover essa rota\n    this.app.get('/', (req, res) => res.json({ ok: true }));\n  }\n\n  private config():void {\n    const accessControl: express.RequestHandler = (_req, res, next) => {\n      res.header('Access-Control-Allow-Origin', '*');\n      res.header('Access-Control-Allow-Methods', 'GET,POST,DELETE,OPTIONS,PUT,PATCH');\n      res.header('Access-Control-Allow-Headers', '*');\n      next();\n    };\n\n    this.app.use(express.json());\n    this.app.use(accessControl);\n    this.app.use('/login', loginRoute);\n    this.app.use('/teams', teamsRoute);\n    this.app.use('/matches', matchesRoute);\n    this.app.use('/leaderboard', leaderboardRoute);\n  }\n\n  public start(PORT: string | number):void {\n    this.app.listen(PORT, () => console.log(`Running on port ${PORT}`));\n  }\n}\n\nexport { App };\n\n// Essa segunda exportação é estratégica, e a execução dos testes de cobertura depende dela\nexport const { app } = new App();\n"]},"_coverageSchema":"1a1c01bbd47fc00a2c39e90264f33305004495a9","hash":"e467cf09db93ae677f7603de7ae3a4eba3c06699"},"/media/guilherme/Novo volume1/Linux/projetos-trybe/sd-023-b-trybe-futebol-clube/app/backend/src/routes/loginRoute.ts":{"path":"/media/guilherme/Novo volume1/Linux/projetos-trybe/sd-023-b-trybe-futebol-clube/app/backend/src/routes/loginRoute.ts","statementMap":{"0":{"start":{"line":2,"column":0},"end":{"line":2,"column":62}},"1":{"start":{"line":3,"column":18},"end":{"line":3,"column":36}},"2":{"start":{"line":4,"column":24},"end":{"line":4,"column":63}},"3":{"start":{"line":5,"column":22},"end":{"line":5,"column":59}},"4":{"start":{"line":6,"column":26},"end":{"line":6,"column":67}},"5":{"start":{"line":7,"column":16},"end":{"line":7,"column":39}},"6":{"start":{"line":8,"column":0},"end":{"line":8,"column":84}},"7":{"start":{"line":9,"column":0},"end":{"line":9,"column":79}},"8":{"start":{"line":10,"column":0},"end":{"line":10,"column":26}}},"fnMap":{},"branchMap":{},"s":{"0":1,"1":1,"2":1,"3":1,"4":1,"5":1,"6":1,"7":1,"8":1},"f":{},"b":{},"inputSourceMap":{"version":3,"file":"/media/guilherme/Novo volume1/Linux/projetos-trybe/sd-023-b-trybe-futebol-clube/app/backend/src/routes/loginRoute.ts","sources":["/media/guilherme/Novo volume1/Linux/projetos-trybe/sd-023-b-trybe-futebol-clube/app/backend/src/routes/loginRoute.ts"],"names":[],"mappings":";;AAAA,qCAAiC;AACjC,gEAAyD;AACzD,4DAAqD;AACrD,oEAA6D;AAE7D,MAAM,OAAO,GAAG,IAAA,gBAAM,GAAE,CAAC;AAEzB,OAAO,CAAC,GAAG,CAAC,WAAW,EAAE,qBAAW,EAAE,yBAAe,CAAC,QAAQ,CAAC,CAAC;AAChE,OAAO,CAAC,IAAI,CAAC,GAAG,EAAE,uBAAa,EAAE,yBAAe,CAAC,QAAQ,CAAC,CAAC;AAE3D,kBAAe,OAAO,CAAC","sourcesContent":["import { Router } from 'express';\nimport loginValidate from '../middlewares/validateLogin';\nimport validaToken from '../middlewares/validaToken';\nimport usersController from '../controllers/usersController';\n\nconst routers = Router();\n\nrouters.get('/validate', validaToken, usersController.userRole);\nrouters.post('/', loginValidate, usersController.findUser);\n\nexport default routers;\n"]},"_coverageSchema":"1a1c01bbd47fc00a2c39e90264f33305004495a9","hash":"9502a4cf8b7f6fcacbccb47651348ce94a99c359"},"/media/guilherme/Novo volume1/Linux/projetos-trybe/sd-023-b-trybe-futebol-clube/app/backend/src/middlewares/validateLogin.ts":{"path":"/media/guilherme/Novo volume1/Linux/projetos-trybe/sd-023-b-trybe-futebol-clube/app/backend/src/middlewares/validateLogin.ts","statementMap":{"0":{"start":{"line":2,"column":0},"end":{"line":2,"column":62}},"1":{"start":{"line":3,"column":22},"end":{"line":13,"column":1}},"2":{"start":{"line":4,"column":32},"end":{"line":4,"column":40}},"3":{"start":{"line":5,"column":4},"end":{"line":7,"column":5}},"4":{"start":{"line":6,"column":8},"end":{"line":6,"column":78}},"5":{"start":{"line":8,"column":25},"end":{"line":8,"column":72}},"6":{"start":{"line":9,"column":4},"end":{"line":11,"column":5}},"7":{"start":{"line":10,"column":8},"end":{"line":10,"column":80}},"8":{"start":{"line":12,"column":4},"end":{"line":12,"column":11}},"9":{"start":{"line":14,"column":0},"end":{"line":14,"column":32}}},"fnMap":{"0":{"name":"(anonymous_0)","decl":{"start":{"line":3,"column":22},"end":{"line":3,"column":23}},"loc":{"start":{"line":3,"column":42},"end":{"line":13,"column":1}},"line":3}},"branchMap":{"0":{"loc":{"start":{"line":5,"column":4},"end":{"line":7,"column":5}},"type":"if","locations":[{"start":{"line":5,"column":4},"end":{"line":7,"column":5}},{"start":{"line":5,"column":4},"end":{"line":7,"column":5}}],"line":5},"1":{"loc":{"start":{"line":5,"column":8},"end":{"line":5,"column":27}},"type":"binary-expr","locations":[{"start":{"line":5,"column":8},"end":{"line":5,"column":14}},{"start":{"line":5,"column":18},"end":{"line":5,"column":27}}],"line":5},"2":{"loc":{"start":{"line":9,"column":4},"end":{"line":11,"column":5}},"type":"if","locations":[{"start":{"line":9,"column":4},"end":{"line":11,"column":5}},{"start":{"line":9,"column":4},"end":{"line":11,"column":5}}],"line":9}},"s":{"0":1,"1":1,"2":6,"3":6,"4":2,"5":4,"6":4,"7":1,"8":3,"9":1},"f":{"0":6},"b":{"0":[2,4],"1":[6,5],"2":[1,3]},"inputSourceMap":{"version":3,"file":"/media/guilherme/Novo volume1/Linux/projetos-trybe/sd-023-b-trybe-futebol-clube/app/backend/src/middlewares/validateLogin.ts","sources":["/media/guilherme/Novo volume1/Linux/projetos-trybe/sd-023-b-trybe-futebol-clube/app/backend/src/middlewares/validateLogin.ts"],"names":[],"mappings":";;AAEA,MAAM,aAAa,GAAG,CAAC,GAAY,EAAE,GAAa,EAAE,IAAkB,EAAE,EAAE;IACxE,MAAM,EAAE,KAAK,EAAE,QAAQ,EAAE,GAAG,GAAG,CAAC,IAAI,CAAC;IACrC,IAAI,CAAC,KAAK,IAAI,CAAC,QAAQ,EAAE;QACvB,OAAO,GAAG,CAAC,MAAM,CAAC,GAAG,CAAC,CAAC,IAAI,CAAC,EAAE,OAAO,EAAE,2BAA2B,EAAE,CAAC,CAAC;KACvE;IACD,MAAM,YAAY,GAAG,KAAK,CAAC,KAAK,CAAC,kCAAkC,CAAC,CAAC;IACrE,IAAI,CAAC,YAAY,EAAE;QACjB,OAAO,GAAG,CAAC,MAAM,CAAC,GAAG,CAAC,CAAC,IAAI,CAAC,EAAE,OAAO,EAAE,6BAA6B,EAAE,CAAC,CAAC;KACzE;IACD,IAAI,EAAE,CAAC;AACT,CAAC,CAAC;AAEF,kBAAe,aAAa,CAAC","sourcesContent":["import { Request, Response, NextFunction } from 'express';\n\nconst validateLogin = (req: Request, res: Response, next: NextFunction) => {\n  const { email, password } = req.body;\n  if (!email || !password) {\n    return res.status(400).json({ message: 'All fields must be filled' });\n  }\n  const isValidEmail = email.match(/^[\\w-.]+@([\\w-]+\\.)+[\\w-]{2,4}$/g);\n  if (!isValidEmail) {\n    return res.status(401).json({ message: 'Incorrect email or password' });\n  }\n  next();\n};\n\nexport default validateLogin;\n"]},"_coverageSchema":"1a1c01bbd47fc00a2c39e90264f33305004495a9","hash":"9ee83058574879d07f7b8eeac5b6faa49229fb0a"},"/media/guilherme/Novo volume1/Linux/projetos-trybe/sd-023-b-trybe-futebol-clube/app/backend/src/middlewares/validaToken.ts":{"path":"/media/guilherme/Novo volume1/Linux/projetos-trybe/sd-023-b-trybe-futebol-clube/app/backend/src/middlewares/validaToken.ts","statementMap":{"0":{"start":{"line":2,"column":0},"end":{"line":2,"column":62}},"1":{"start":{"line":3,"column":16},"end":{"line":3,"column":41}},"2":{"start":{"line":4,"column":18},"end":{"line":12,"column":1}},"3":{"start":{"line":5,"column":30},"end":{"line":5,"column":41}},"4":{"start":{"line":6,"column":4},"end":{"line":8,"column":5}},"5":{"start":{"line":7,"column":8},"end":{"line":7,"column":68}},"6":{"start":{"line":9,"column":20},"end":{"line":9,"column":62}},"7":{"start":{"line":10,"column":4},"end":{"line":10,"column":28}},"8":{"start":{"line":11,"column":4},"end":{"line":11,"column":11}},"9":{"start":{"line":13,"column":0},"end":{"line":13,"column":28}}},"fnMap":{"0":{"name":"(anonymous_0)","decl":{"start":{"line":4,"column":18},"end":{"line":4,"column":19}},"loc":{"start":{"line":4,"column":38},"end":{"line":12,"column":1}},"line":4}},"branchMap":{"0":{"loc":{"start":{"line":6,"column":4},"end":{"line":8,"column":5}},"type":"if","locations":[{"start":{"line":6,"column":4},"end":{"line":8,"column":5}},{"start":{"line":6,"column":4},"end":{"line":8,"column":5}}],"line":6}},"s":{"0":1,"1":1,"2":1,"3":2,"4":2,"5":1,"6":1,"7":0,"8":0,"9":1},"f":{"0":2},"b":{"0":[1,1]},"inputSourceMap":{"version":3,"file":"/media/guilherme/Novo volume1/Linux/projetos-trybe/sd-023-b-trybe-futebol-clube/app/backend/src/middlewares/validaToken.ts","sources":["/media/guilherme/Novo volume1/Linux/projetos-trybe/sd-023-b-trybe-futebol-clube/app/backend/src/middlewares/validaToken.ts"],"names":[],"mappings":";;AACA,0CAAmC;AAEnC,MAAM,SAAS,GAAG,CAAC,GAAY,EAAE,GAAa,EAAE,IAAkB,EAAE,EAAE;IACpE,MAAM,EAAE,aAAa,EAAE,GAAG,GAAG,CAAC,OAAO,CAAC;IAEtC,IAAI,CAAC,aAAa,EAAE;QAClB,OAAO,GAAG,CAAC,MAAM,CAAC,GAAG,CAAC,CAAC,IAAI,CAAC,EAAE,OAAO,EAAE,iBAAiB,EAAE,CAAC,CAAC;KAC7D;IAED,MAAM,OAAO,GAAG,eAAK,CAAC,WAAW,CAAC,aAAa,CAAC,CAAC;IAEjD,GAAG,CAAC,IAAI,CAAC,IAAI,GAAG,OAAO,CAAC;IAExB,IAAI,EAAE,CAAC;AACT,CAAC,CAAC;AAEF,kBAAe,SAAS,CAAC","sourcesContent":["import { Request, Response, NextFunction } from 'express';\nimport token from '../utils/token';\n\nconst authToken = (req: Request, res: Response, next: NextFunction) => {\n  const { authorization } = req.headers;\n\n  if (!authorization) {\n    return res.status(400).json({ message: 'Token not found' });\n  }\n\n  const decoded = token.verifyToken(authorization);\n\n  req.body.user = decoded;\n\n  next();\n};\n\nexport default authToken;\n"]},"_coverageSchema":"1a1c01bbd47fc00a2c39e90264f33305004495a9","hash":"32724dcb997e7963954532c219e893efd8d70ecf"},"/media/guilherme/Novo volume1/Linux/projetos-trybe/sd-023-b-trybe-futebol-clube/app/backend/src/utils/token.ts":{"path":"/media/guilherme/Novo volume1/Linux/projetos-trybe/sd-023-b-trybe-futebol-clube/app/backend/src/utils/token.ts","statementMap":{"0":{"start":{"line":2,"column":0},"end":{"line":2,"column":62}},"1":{"start":{"line":3,"column":12},"end":{"line":3,"column":35}},"2":{"start":{"line":4,"column":15},"end":{"line":4,"column":27}},"3":{"start":{"line":5,"column":22},"end":{"line":8,"column":1}},"4":{"start":{"line":6,"column":18},"end":{"line":6,"column":85}},"5":{"start":{"line":7,"column":4},"end":{"line":7,"column":17}},"6":{"start":{"line":9,"column":20},"end":{"line":12,"column":1}},"7":{"start":{"line":10,"column":20},"end":{"line":10,"column":45}},"8":{"start":{"line":11,"column":4},"end":{"line":11,"column":19}},"9":{"start":{"line":13,"column":0},"end":{"line":16,"column":2}}},"fnMap":{"0":{"name":"(anonymous_0)","decl":{"start":{"line":5,"column":22},"end":{"line":5,"column":23}},"loc":{"start":{"line":5,"column":32},"end":{"line":8,"column":1}},"line":5},"1":{"name":"(anonymous_1)","decl":{"start":{"line":9,"column":20},"end":{"line":9,"column":21}},"loc":{"start":{"line":9,"column":31},"end":{"line":12,"column":1}},"line":9}},"branchMap":{},"s":{"0":1,"1":1,"2":1,"3":1,"4":1,"5":1,"6":1,"7":5,"8":0,"9":1},"f":{"0":1,"1":5},"b":{},"inputSourceMap":{"version":3,"file":"/media/guilherme/Novo volume1/Linux/projetos-trybe/sd-023-b-trybe-futebol-clube/app/backend/src/utils/token.ts","sources":["/media/guilherme/Novo volume1/Linux/projetos-trybe/sd-023-b-trybe-futebol-clube/app/backend/src/utils/token.ts"],"names":[],"mappings":";;AAAA,oCAAoC;AAGpC,MAAM,MAAM,GAAG,YAAY,CAAC;AAE5B,MAAM,aAAa,GAAG,CAAC,IAAW,EAAE,EAAE;IACpC,MAAM,KAAK,GAAG,GAAG,CAAC,IAAI,CAAC,IAAI,EAAE,MAAM,EAAE,EAAE,SAAS,EAAE,OAAO,EAAE,SAAS,EAAE,QAAQ,EAAE,CAAC,CAAC;IAClF,OAAO,KAAK,CAAC;AACf,CAAC,CAAC;AAEF,MAAM,WAAW,GAAG,CAAC,KAAa,EAAE,EAAE;IACpC,MAAM,OAAO,GAAG,GAAG,CAAC,MAAM,CAAC,KAAK,EAAE,MAAM,CAAC,CAAC;IAC1C,OAAO,OAAO,CAAC;AACjB,CAAC,CAAC;AAEF,kBAAe;IACb,aAAa;IACb,WAAW;CACZ,CAAC","sourcesContent":["import * as jwt from 'jsonwebtoken';\nimport IUser from '../interfaces/IUser';\n\nconst secret = 'jwt_secret';\n\nconst generateToken = (data: IUser) => {\n  const token = jwt.sign(data, secret, { algorithm: 'HS256', expiresIn: '360min' });\n  return token;\n};\n\nconst verifyToken = (token: string) => {\n  const decoded = jwt.verify(token, secret);\n  return decoded;\n};\n\nexport default {\n  generateToken,\n  verifyToken,\n};\n"]},"_coverageSchema":"1a1c01bbd47fc00a2c39e90264f33305004495a9","hash":"46f15e5929ecb88b8f18820a6bfb284ec52169a1"},"/media/guilherme/Novo volume1/Linux/projetos-trybe/sd-023-b-trybe-futebol-clube/app/backend/src/controllers/usersController.ts":{"path":"/media/guilherme/Novo volume1/Linux/projetos-trybe/sd-023-b-trybe-futebol-clube/app/backend/src/controllers/usersController.ts","statementMap":{"0":{"start":{"line":2,"column":0},"end":{"line":2,"column":62}},"1":{"start":{"line":3,"column":22},"end":{"line":3,"column":56}},"2":{"start":{"line":4,"column":17},"end":{"line":12,"column":1}},"3":{"start":{"line":5,"column":32},"end":{"line":5,"column":40}},"4":{"start":{"line":6,"column":32},"end":{"line":6,"column":85}},"5":{"start":{"line":7,"column":4},"end":{"line":11,"column":45}},"6":{"start":{"line":8,"column":8},"end":{"line":8,"column":52}},"7":{"start":{"line":11,"column":8},"end":{"line":11,"column":45}},"8":{"start":{"line":13,"column":17},"end":{"line":16,"column":1}},"9":{"start":{"line":14,"column":21},"end":{"line":14,"column":34}},"10":{"start":{"line":15,"column":4},"end":{"line":15,"column":35}},"11":{"start":{"line":17,"column":0},"end":{"line":20,"column":2}}},"fnMap":{"0":{"name":"(anonymous_0)","decl":{"start":{"line":4,"column":17},"end":{"line":4,"column":18}},"loc":{"start":{"line":4,"column":37},"end":{"line":12,"column":1}},"line":4},"1":{"name":"(anonymous_1)","decl":{"start":{"line":13,"column":17},"end":{"line":13,"column":18}},"loc":{"start":{"line":13,"column":37},"end":{"line":16,"column":1}},"line":13}},"branchMap":{"0":{"loc":{"start":{"line":7,"column":4},"end":{"line":11,"column":45}},"type":"if","locations":[{"start":{"line":7,"column":4},"end":{"line":11,"column":45}},{"start":{"line":7,"column":4},"end":{"line":11,"column":45}}],"line":7}},"s":{"0":1,"1":1,"2":1,"3":3,"4":3,"5":1,"6":1,"7":0,"8":1,"9":0,"10":0,"11":1},"f":{"0":3,"1":0},"b":{"0":[1,0]},"inputSourceMap":{"version":3,"file":"/media/guilherme/Novo volume1/Linux/projetos-trybe/sd-023-b-trybe-futebol-clube/app/backend/src/controllers/usersController.ts","sources":["/media/guilherme/Novo volume1/Linux/projetos-trybe/sd-023-b-trybe-futebol-clube/app/backend/src/controllers/usersController.ts"],"names":[],"mappings":";;AACA,yDAAmD;AAEnD,MAAM,QAAQ,GAAG,KAAK,EAAE,GAAY,EAAE,GAAa,EAAgB,EAAE;IACnE,MAAM,EAAE,KAAK,EAAE,QAAQ,EAAE,GAAG,GAAG,CAAC,IAAI,CAAC;IACrC,MAAM,EAAE,MAAM,EAAE,OAAO,EAAE,GAAG,MAAM,qBAAY,CAAC,QAAQ,CAAC,KAAK,EAAE,QAAQ,CAAC,CAAC;IACzE,IAAI,MAAM,KAAK,GAAG,EAAE;QAClB,GAAG,CAAC,MAAM,CAAC,MAAM,CAAC,CAAC,IAAI,CAAC,EAAE,KAAK,EAAE,OAAO,EAAE,CAAC,CAAC;KAC7C;;QAAM,GAAG,CAAC,MAAM,CAAC,MAAM,CAAC,CAAC,IAAI,CAAC,EAAE,OAAO,EAAE,CAAC,CAAC;AAC9C,CAAC,CAAC;AAEF,MAAM,QAAQ,GAAG,KAAK,EAAE,GAAY,EAAE,GAAa,EAAE,EAAE;IACrD,MAAM,EAAE,IAAI,EAAE,GAAG,GAAG,CAAC,IAAI,CAAC,IAAI,CAAC;IAC/B,GAAG,CAAC,MAAM,CAAC,GAAG,CAAC,CAAC,IAAI,CAAC,EAAE,IAAI,EAAE,CAAC,CAAC;AACjC,CAAC,CAAC;AAEF,kBAAe;IACb,QAAQ;IACR,QAAQ;CACT,CAAC","sourcesContent":["import { Request, Response } from 'express';\nimport usersService from '../services/userService';\n\nconst findUser = async (req: Request, res: Response):Promise<void> => {\n  const { email, password } = req.body;\n  const { status, message } = await usersService.findUser(email, password);\n  if (status === 200) {\n    res.status(status).json({ token: message });\n  } else res.status(status).json({ message });\n};\n\nconst userRole = async (req: Request, res: Response) => {\n  const { role } = req.body.user;\n  res.status(200).json({ role });\n};\n\nexport default {\n  findUser,\n  userRole,\n};\n"]},"_coverageSchema":"1a1c01bbd47fc00a2c39e90264f33305004495a9","hash":"e34b710620c2e44d55e84fd5763bedcd0e452ed6"},"/media/guilherme/Novo volume1/Linux/projetos-trybe/sd-023-b-trybe-futebol-clube/app/backend/src/services/userService.ts":{"path":"/media/guilherme/Novo volume1/Linux/projetos-trybe/sd-023-b-trybe-futebol-clube/app/backend/src/services/userService.ts","statementMap":{"0":{"start":{"line":2,"column":0},"end":{"line":2,"column":62}},"1":{"start":{"line":3,"column":15},"end":{"line":3,"column":34}},"2":{"start":{"line":4,"column":21},"end":{"line":4,"column":61}},"3":{"start":{"line":5,"column":16},"end":{"line":5,"column":41}},"4":{"start":{"line":6,"column":17},"end":{"line":17,"column":1}},"5":{"start":{"line":7,"column":22},"end":{"line":7,"column":78}},"6":{"start":{"line":8,"column":4},"end":{"line":10,"column":5}},"7":{"start":{"line":9,"column":8},"end":{"line":9,"column":71}},"8":{"start":{"line":11,"column":26},"end":{"line":11,"column":87}},"9":{"start":{"line":12,"column":4},"end":{"line":14,"column":5}},"10":{"start":{"line":13,"column":8},"end":{"line":13,"column":71}},"11":{"start":{"line":15,"column":22},"end":{"line":15,"column":79}},"12":{"start":{"line":16,"column":4},"end":{"line":16,"column":47}},"13":{"start":{"line":18,"column":0},"end":{"line":20,"column":2}}},"fnMap":{"0":{"name":"(anonymous_0)","decl":{"start":{"line":6,"column":17},"end":{"line":6,"column":18}},"loc":{"start":{"line":6,"column":44},"end":{"line":17,"column":1}},"line":6}},"branchMap":{"0":{"loc":{"start":{"line":8,"column":4},"end":{"line":10,"column":5}},"type":"if","locations":[{"start":{"line":8,"column":4},"end":{"line":10,"column":5}},{"start":{"line":8,"column":4},"end":{"line":10,"column":5}}],"line":8},"1":{"loc":{"start":{"line":12,"column":4},"end":{"line":14,"column":5}},"type":"if","locations":[{"start":{"line":12,"column":4},"end":{"line":14,"column":5}},{"start":{"line":12,"column":4},"end":{"line":14,"column":5}}],"line":12}},"s":{"0":1,"1":1,"2":1,"3":1,"4":1,"5":3,"6":1,"7":0,"8":1,"9":1,"10":0,"11":1,"12":1,"13":1},"f":{"0":3},"b":{"0":[0,1],"1":[0,1]},"inputSourceMap":{"version":3,"file":"/media/guilherme/Novo volume1/Linux/projetos-trybe/sd-023-b-trybe-futebol-clube/app/backend/src/services/userService.ts","sources":["/media/guilherme/Novo volume1/Linux/projetos-trybe/sd-023-b-trybe-futebol-clube/app/backend/src/services/userService.ts"],"names":[],"mappings":";;AAAA,mCAAmC;AAEnC,8DAAuD;AACvD,0CAAmC;AAEnC,MAAM,QAAQ,GAAG,KAAK,EAAE,KAAa,EAAE,QAAgB,EAAsB,EAAE;IAC7E,MAAM,SAAS,GAAG,MAAM,oBAAU,CAAC,OAAO,CAAC,EAAE,KAAK,EAAE,EAAE,KAAK,EAAE,EAAE,CAAC,CAAC;IACjE,IAAI,CAAC,SAAS,EAAE;QACd,OAAO,EAAE,MAAM,EAAE,GAAG,EAAE,OAAO,EAAE,6BAA6B,EAAE,CAAC;KAChE;IACD,MAAM,aAAa,GAAG,MAAM,MAAM,CAAC,OAAO,CAAC,QAAQ,EAAE,SAAS,CAAC,UAAU,CAAC,QAAQ,CAAC,CAAC;IACpF,IAAI,aAAa,KAAK,KAAK,EAAE;QAC3B,OAAO,EAAE,MAAM,EAAE,GAAG,EAAE,OAAO,EAAE,6BAA6B,EAAE,CAAC;KAChE;IACD,MAAM,SAAS,GAAG,MAAM,eAAK,CAAC,aAAa,CAAC,SAAS,CAAC,UAAU,CAAC,CAAC;IAClE,OAAO,EAAE,MAAM,EAAE,GAAG,EAAE,OAAO,EAAE,SAAS,EAAE,CAAC;AAC7C,CAAC,CAAC;AAEF,kBAAe;IACb,QAAQ;CACT,CAAC","sourcesContent":["import * as bcrypt from 'bcryptjs';\nimport IResponse from '../interfaces/IResponse';\nimport usersModel from '../database/models/usersModel';\nimport token from '../utils/token';\n\nconst findUser = async (email: string, password: string): Promise<IResponse> => {\n  const userFound = await usersModel.findOne({ where: { email } });\n  if (!userFound) {\n    return { status: 401, message: 'Incorrect email or password' };\n  }\n  const checkPassword = await bcrypt.compare(password, userFound.dataValues.password);\n  if (checkPassword === false) {\n    return { status: 401, message: 'Incorrect email or password' };\n  }\n  const userToken = await token.generateToken(userFound.dataValues);\n  return { status: 200, message: userToken };\n};\n\nexport default {\n  findUser,\n};\n"]},"_coverageSchema":"1a1c01bbd47fc00a2c39e90264f33305004495a9","hash":"9d879522dc78abcb71284efdca6ac32115a3d6f6"},"/media/guilherme/Novo volume1/Linux/projetos-trybe/sd-023-b-trybe-futebol-clube/app/backend/src/database/models/usersModel.ts":{"path":"/media/guilherme/Novo volume1/Linux/projetos-trybe/sd-023-b-trybe-futebol-clube/app/backend/src/database/models/usersModel.ts","statementMap":{"0":{"start":{"line":2,"column":0},"end":{"line":2,"column":62}},"1":{"start":{"line":3,"column":20},"end":{"line":3,"column":40}},"2":{"start":{"line":4,"column":11},"end":{"line":4,"column":23}},"3":{"start":{"line":7,"column":0},"end":{"line":35,"column":3}},"4":{"start":{"line":36,"column":0},"end":{"line":36,"column":23}}},"fnMap":{},"branchMap":{},"s":{"0":1,"1":1,"2":1,"3":1,"4":1},"f":{},"b":{},"inputSourceMap":{"version":3,"file":"/media/guilherme/Novo volume1/Linux/projetos-trybe/sd-023-b-trybe-futebol-clube/app/backend/src/database/models/usersModel.ts","sources":["/media/guilherme/Novo volume1/Linux/projetos-trybe/sd-023-b-trybe-futebol-clube/app/backend/src/database/models/usersModel.ts"],"names":[],"mappings":";;AAAA,yCAAmD;AACnD,wBAAmB;AAEnB,MAAM,IAAK,SAAQ,iBAAK;CAMvB;AAED,IAAI,CAAC,IAAI,CAAC;IACR,EAAE,EAAE;QACF,IAAI,EAAE,mBAAO;QACb,UAAU,EAAE,IAAI;QAChB,aAAa,EAAE,IAAI;QACnB,SAAS,EAAE,KAAK;KACjB;IACD,QAAQ,EAAE;QACR,IAAI,EAAE,kBAAM;QACZ,SAAS,EAAE,KAAK;KACjB;IACD,IAAI,EAAE;QACJ,IAAI,EAAE,kBAAM;QACZ,SAAS,EAAE,KAAK;KACjB;IACD,KAAK,EAAE;QACL,SAAS,EAAE,KAAK;QAChB,IAAI,EAAE,kBAAM;KACb;IACD,QAAQ,EAAE;QACR,SAAS,EAAE,KAAK;QAChB,IAAI,EAAE,kBAAM;KACb;CACF,EAAE;IACD,WAAW,EAAE,IAAI;IACjB,SAAS,EAAE,UAAE;IACb,SAAS,EAAE,OAAO;IAClB,UAAU,EAAE,KAAK;CAClB,CAAC,CAAC;AAEH,kBAAe,IAAI,CAAC","sourcesContent":["import { Model, INTEGER, STRING } from 'sequelize';\nimport db from '.';\n\nclass User extends Model {\n  declare id: number;\n  declare username: string;\n  declare role: string;\n  declare email: string;\n  declare password: string;\n}\n\nUser.init({\n  id: {\n    type: INTEGER,\n    primaryKey: true,\n    autoIncrement: true,\n    allowNull: false,\n  },\n  username: {\n    type: STRING,\n    allowNull: false,\n  },\n  role: {\n    type: STRING,\n    allowNull: false,\n  },\n  email: {\n    allowNull: false,\n    type: STRING,\n  },\n  password: {\n    allowNull: false,\n    type: STRING,\n  },\n}, {\n  underscored: true,\n  sequelize: db,\n  modelName: 'users',\n  timestamps: false,\n});\n\nexport default User;\n"]},"_coverageSchema":"1a1c01bbd47fc00a2c39e90264f33305004495a9","hash":"d3f99c2021ab9e241c9cbdfe8b5155c6114f1417"},"/media/guilherme/Novo volume1/Linux/projetos-trybe/sd-023-b-trybe-futebol-clube/app/backend/src/database/models/index.ts":{"path":"/media/guilherme/Novo volume1/Linux/projetos-trybe/sd-023-b-trybe-futebol-clube/app/backend/src/database/models/index.ts","statementMap":{"0":{"start":{"line":2,"column":0},"end":{"line":2,"column":62}},"1":{"start":{"line":3,"column":20},"end":{"line":3,"column":40}},"2":{"start":{"line":4,"column":15},"end":{"line":4,"column":44}},"3":{"start":{"line":5,"column":18},"end":{"line":5,"column":51}},"4":{"start":{"line":6,"column":0},"end":{"line":6,"column":28}}},"fnMap":{},"branchMap":{},"s":{"0":1,"1":1,"2":1,"3":1,"4":1},"f":{},"b":{},"inputSourceMap":{"version":3,"file":"/media/guilherme/Novo volume1/Linux/projetos-trybe/sd-023-b-trybe-futebol-clube/app/backend/src/database/models/index.ts","sources":["/media/guilherme/Novo volume1/Linux/projetos-trybe/sd-023-b-trybe-futebol-clube/app/backend/src/database/models/index.ts"],"names":[],"mappings":";;AAAA,yCAAsC;AACtC,6CAA6C;AAE7C,MAAM,SAAS,GAAG,IAAI,qBAAS,CAAC,MAAM,CAAC,CAAA;AAEvC,kBAAe,SAAS,CAAC","sourcesContent":["import { Sequelize } from 'sequelize';\nimport * as config from '../config/database';\n\nconst sequelize = new Sequelize(config)\n\nexport default sequelize;\n"]},"_coverageSchema":"1a1c01bbd47fc00a2c39e90264f33305004495a9","hash":"e4dce37fc0f03d13d20d4068d1c9644658613f14"},"/media/guilherme/Novo volume1/Linux/projetos-trybe/sd-023-b-trybe-futebol-clube/app/backend/src/routes/teamsRoute.ts":{"path":"/media/guilherme/Novo volume1/Linux/projetos-trybe/sd-023-b-trybe-futebol-clube/app/backend/src/routes/teamsRoute.ts","statementMap":{"0":{"start":{"line":2,"column":0},"end":{"line":2,"column":62}},"1":{"start":{"line":3,"column":18},"end":{"line":3,"column":36}},"2":{"start":{"line":4,"column":26},"end":{"line":4,"column":67}},"3":{"start":{"line":5,"column":16},"end":{"line":5,"column":39}},"4":{"start":{"line":6,"column":0},"end":{"line":6,"column":56}},"5":{"start":{"line":7,"column":0},"end":{"line":7,"column":53}},"6":{"start":{"line":8,"column":0},"end":{"line":8,"column":26}}},"fnMap":{},"branchMap":{},"s":{"0":1,"1":1,"2":1,"3":1,"4":1,"5":1,"6":1},"f":{},"b":{},"inputSourceMap":{"version":3,"file":"/media/guilherme/Novo volume1/Linux/projetos-trybe/sd-023-b-trybe-futebol-clube/app/backend/src/routes/teamsRoute.ts","sources":["/media/guilherme/Novo volume1/Linux/projetos-trybe/sd-023-b-trybe-futebol-clube/app/backend/src/routes/teamsRoute.ts"],"names":[],"mappings":";;AAAA,qCAAiC;AACjC,oEAA6D;AAE7D,MAAM,OAAO,GAAG,IAAA,gBAAM,GAAE,CAAC;AAEzB,OAAO,CAAC,GAAG,CAAC,MAAM,EAAE,yBAAe,CAAC,QAAQ,CAAC,CAAC;AAC9C,OAAO,CAAC,GAAG,CAAC,GAAG,EAAE,yBAAe,CAAC,QAAQ,CAAC,CAAC;AAE3C,kBAAe,OAAO,CAAC","sourcesContent":["import { Router } from 'express';\nimport teamsController from '../controllers/teamsController';\n\nconst routers = Router();\n\nrouters.get('/:id', teamsController.findTeam);\nrouters.get('/', teamsController.getTeams);\n\nexport default routers;\n"]},"_coverageSchema":"1a1c01bbd47fc00a2c39e90264f33305004495a9","hash":"67c038a25c338378f1974689d7847cb2d5b9cafa"},"/media/guilherme/Novo volume1/Linux/projetos-trybe/sd-023-b-trybe-futebol-clube/app/backend/src/controllers/teamsController.ts":{"path":"/media/guilherme/Novo volume1/Linux/projetos-trybe/sd-023-b-trybe-futebol-clube/app/backend/src/controllers/teamsController.ts","statementMap":{"0":{"start":{"line":2,"column":0},"end":{"line":2,"column":62}},"1":{"start":{"line":3,"column":23},"end":{"line":3,"column":58}},"2":{"start":{"line":4,"column":17},"end":{"line":7,"column":1}},"3":{"start":{"line":5,"column":35},"end":{"line":5,"column":74}},"4":{"start":{"line":6,"column":4},"end":{"line":6,"column":40}},"5":{"start":{"line":8,"column":17},"end":{"line":16,"column":1}},"6":{"start":{"line":9,"column":19},"end":{"line":9,"column":29}},"7":{"start":{"line":10,"column":43},"end":{"line":10,"column":84}},"8":{"start":{"line":11,"column":4},"end":{"line":15,"column":45}},"9":{"start":{"line":12,"column":8},"end":{"line":12,"column":43}},"10":{"start":{"line":15,"column":8},"end":{"line":15,"column":45}},"11":{"start":{"line":17,"column":0},"end":{"line":20,"column":2}}},"fnMap":{"0":{"name":"(anonymous_0)","decl":{"start":{"line":4,"column":17},"end":{"line":4,"column":18}},"loc":{"start":{"line":4,"column":37},"end":{"line":7,"column":1}},"line":4},"1":{"name":"(anonymous_1)","decl":{"start":{"line":8,"column":17},"end":{"line":8,"column":18}},"loc":{"start":{"line":8,"column":37},"end":{"line":16,"column":1}},"line":8}},"branchMap":{"0":{"loc":{"start":{"line":11,"column":4},"end":{"line":15,"column":45}},"type":"if","locations":[{"start":{"line":11,"column":4},"end":{"line":15,"column":45}},{"start":{"line":11,"column":4},"end":{"line":15,"column":45}}],"line":11}},"s":{"0":1,"1":1,"2":1,"3":1,"4":0,"5":1,"6":2,"7":2,"8":0,"9":0,"10":0,"11":1},"f":{"0":1,"1":2},"b":{"0":[0,0]},"inputSourceMap":{"version":3,"file":"/media/guilherme/Novo volume1/Linux/projetos-trybe/sd-023-b-trybe-futebol-clube/app/backend/src/controllers/teamsController.ts","sources":["/media/guilherme/Novo volume1/Linux/projetos-trybe/sd-023-b-trybe-futebol-clube/app/backend/src/controllers/teamsController.ts"],"names":[],"mappings":";;AACA,2DAAoD;AAEpD,MAAM,QAAQ,GAAG,KAAK,EAAE,GAAY,EAAE,GAAa,EAAgB,EAAE;IACnE,MAAM,EAAE,MAAM,EAAE,UAAU,EAAE,GAAG,MAAM,sBAAY,CAAC,QAAQ,EAAE,CAAC;IAC7D,GAAG,CAAC,MAAM,CAAC,MAAM,CAAC,CAAC,IAAI,CAAC,UAAU,CAAC,CAAC;AACtC,CAAC,CAAC;AAEF,MAAM,QAAQ,GAAG,KAAK,EAAE,GAAY,EAAE,GAAa,EAAgB,EAAE;IACnE,MAAM,EAAE,EAAE,EAAE,GAAG,GAAG,CAAC,MAAM,CAAC;IAC1B,MAAM,EAAE,MAAM,EAAE,OAAO,EAAE,SAAS,EAAE,GAAG,MAAM,sBAAY,CAAC,QAAQ,CAAC,EAAE,CAAC,CAAC;IAEvE,IAAI,MAAM,KAAK,GAAG,EAAE;QAClB,GAAG,CAAC,MAAM,CAAC,MAAM,CAAC,CAAC,IAAI,CAAC,SAAS,CAAC,CAAC;KACpC;;QAAM,GAAG,CAAC,MAAM,CAAC,MAAM,CAAC,CAAC,IAAI,CAAC,EAAE,OAAO,EAAE,CAAC,CAAC;AAC9C,CAAC,CAAC;AAEF,kBAAe;IACb,QAAQ;IACR,QAAQ;CACT,CAAC","sourcesContent":["import { Request, Response } from 'express';\nimport teamsService from '../services/teamsService';\n\nconst getTeams = async (req: Request, res: Response):Promise<void> => {\n  const { status, teamsFound } = await teamsService.getTeams();\n  res.status(status).json(teamsFound);\n};\n\nconst findTeam = async (req: Request, res: Response):Promise<void> => {\n  const { id } = req.params;\n  const { status, message, teamFound } = await teamsService.findTeam(id);\n\n  if (status === 200) {\n    res.status(status).json(teamFound);\n  } else res.status(status).json({ message });\n};\n\nexport default {\n  getTeams,\n  findTeam,\n};\n"]},"_coverageSchema":"1a1c01bbd47fc00a2c39e90264f33305004495a9","hash":"4d11cc158e85ed23880ad7e933b3fdf1d6452282"},"/media/guilherme/Novo volume1/Linux/projetos-trybe/sd-023-b-trybe-futebol-clube/app/backend/src/services/teamsService.ts":{"path":"/media/guilherme/Novo volume1/Linux/projetos-trybe/sd-023-b-trybe-futebol-clube/app/backend/src/services/teamsService.ts","statementMap":{"0":{"start":{"line":2,"column":0},"end":{"line":2,"column":62}},"1":{"start":{"line":3,"column":21},"end":{"line":3,"column":61}},"2":{"start":{"line":4,"column":17},"end":{"line":7,"column":1}},"3":{"start":{"line":5,"column":23},"end":{"line":5,"column":59}},"4":{"start":{"line":6,"column":4},"end":{"line":6,"column":39}},"5":{"start":{"line":8,"column":17},"end":{"line":14,"column":1}},"6":{"start":{"line":9,"column":22},"end":{"line":9,"column":75}},"7":{"start":{"line":10,"column":4},"end":{"line":12,"column":5}},"8":{"start":{"line":11,"column":8},"end":{"line":11,"column":74}},"9":{"start":{"line":13,"column":4},"end":{"line":13,"column":38}},"10":{"start":{"line":15,"column":0},"end":{"line":18,"column":2}}},"fnMap":{"0":{"name":"(anonymous_0)","decl":{"start":{"line":4,"column":17},"end":{"line":4,"column":18}},"loc":{"start":{"line":4,"column":29},"end":{"line":7,"column":1}},"line":4},"1":{"name":"(anonymous_1)","decl":{"start":{"line":8,"column":17},"end":{"line":8,"column":18}},"loc":{"start":{"line":8,"column":31},"end":{"line":14,"column":1}},"line":8}},"branchMap":{"0":{"loc":{"start":{"line":10,"column":4},"end":{"line":12,"column":5}},"type":"if","locations":[{"start":{"line":10,"column":4},"end":{"line":12,"column":5}},{"start":{"line":10,"column":4},"end":{"line":12,"column":5}}],"line":10}},"s":{"0":1,"1":1,"2":1,"3":4,"4":0,"5":1,"6":2,"7":0,"8":0,"9":0,"10":1},"f":{"0":4,"1":2},"b":{"0":[0,0]},"inputSourceMap":{"version":3,"file":"/media/guilherme/Novo volume1/Linux/projetos-trybe/sd-023-b-trybe-futebol-clube/app/backend/src/services/teamsService.ts","sources":["/media/guilherme/Novo volume1/Linux/projetos-trybe/sd-023-b-trybe-futebol-clube/app/backend/src/services/teamsService.ts"],"names":[],"mappings":";;AAAA,8DAAuD;AAEvD,MAAM,QAAQ,GAAG,KAAK,IAAI,EAAE;IAC1B,MAAM,UAAU,GAAG,MAAM,oBAAU,CAAC,OAAO,EAAE,CAAC;IAC9C,OAAO,EAAE,MAAM,EAAE,GAAG,EAAE,UAAU,EAAE,CAAC;AACrC,CAAC,CAAC;AAEF,MAAM,QAAQ,GAAG,KAAK,EAAE,EAAmB,EAAE,EAAE;IAC7C,MAAM,SAAS,GAAG,MAAM,oBAAU,CAAC,OAAO,CAAC,EAAE,KAAK,EAAE,EAAE,EAAE,EAAE,EAAE,CAAC,CAAC;IAC9D,IAAI,CAAC,SAAS,EAAE;QACd,OAAO,EAAE,MAAM,EAAE,GAAG,EAAE,OAAO,EAAE,gCAAgC,EAAE,CAAC;KACnE;IACD,OAAO,EAAE,MAAM,EAAE,GAAG,EAAE,SAAS,EAAE,CAAC;AACpC,CAAC,CAAC;AAEF,kBAAe;IACb,QAAQ;IACR,QAAQ;CACT,CAAC","sourcesContent":["import teamsModel from '../database/models/teamsModel';\n\nconst getTeams = async () => {\n  const teamsFound = await teamsModel.findAll();\n  return { status: 200, teamsFound };\n};\n\nconst findTeam = async (id: string | number) => {\n  const teamFound = await teamsModel.findOne({ where: { id } });\n  if (!teamFound) {\n    return { status: 401, message: 'There is no team with such id!' };\n  }\n  return { status: 200, teamFound };\n};\n\nexport default {\n  getTeams,\n  findTeam,\n};\n"]},"_coverageSchema":"1a1c01bbd47fc00a2c39e90264f33305004495a9","hash":"af5820ca9b7ec59febceeafd88dd28fd70306dcb"},"/media/guilherme/Novo volume1/Linux/projetos-trybe/sd-023-b-trybe-futebol-clube/app/backend/src/database/models/teamsModel.ts":{"path":"/media/guilherme/Novo volume1/Linux/projetos-trybe/sd-023-b-trybe-futebol-clube/app/backend/src/database/models/teamsModel.ts","statementMap":{"0":{"start":{"line":2,"column":0},"end":{"line":2,"column":62}},"1":{"start":{"line":3,"column":20},"end":{"line":3,"column":40}},"2":{"start":{"line":4,"column":11},"end":{"line":4,"column":23}},"3":{"start":{"line":7,"column":0},"end":{"line":24,"column":3}},"4":{"start":{"line":25,"column":0},"end":{"line":25,"column":23}}},"fnMap":{},"branchMap":{},"s":{"0":1,"1":1,"2":1,"3":1,"4":1},"f":{},"b":{},"inputSourceMap":{"version":3,"file":"/media/guilherme/Novo volume1/Linux/projetos-trybe/sd-023-b-trybe-futebol-clube/app/backend/src/database/models/teamsModel.ts","sources":["/media/guilherme/Novo volume1/Linux/projetos-trybe/sd-023-b-trybe-futebol-clube/app/backend/src/database/models/teamsModel.ts"],"names":[],"mappings":";;AAAA,yCAAmD;AACnD,wBAAmB;AAEnB,MAAM,IAAK,SAAQ,iBAAK;CAGvB;AAED,IAAI,CAAC,IAAI,CAAC;IACR,EAAE,EAAE;QACF,IAAI,EAAE,mBAAO;QACb,UAAU,EAAE,IAAI;QAChB,aAAa,EAAE,IAAI;QACnB,SAAS,EAAE,KAAK;KACjB;IACD,QAAQ,EAAE;QACR,IAAI,EAAE,kBAAM;QACZ,KAAK,EAAE,WAAW;QAClB,SAAS,EAAE,KAAK;KACjB;CACF,EAAE;IACD,WAAW,EAAE,IAAI;IACjB,SAAS,EAAE,UAAE;IACb,SAAS,EAAE,OAAO;IAClB,UAAU,EAAE,KAAK;CAClB,CAAC,CAAC;AAEH,kBAAe,IAAI,CAAC","sourcesContent":["import { Model, STRING, INTEGER } from 'sequelize';\nimport db from '.';\n\nclass Team extends Model {\n  declare id: number;\n  declare teamName: string;\n}\n\nTeam.init({\n  id: {\n    type: INTEGER,\n    primaryKey: true,\n    autoIncrement: true,\n    allowNull: false,\n  },\n  teamName: {\n    type: STRING,\n    field: 'team_name',\n    allowNull: false,\n  },\n}, {\n  underscored: true,\n  sequelize: db,\n  modelName: 'teams',\n  timestamps: false,\n});\n\nexport default Team;\n"]},"_coverageSchema":"1a1c01bbd47fc00a2c39e90264f33305004495a9","hash":"161ead0a8c644a4c9f3f36d09b3a2489a889f9e8"},"/media/guilherme/Novo volume1/Linux/projetos-trybe/sd-023-b-trybe-futebol-clube/app/backend/src/routes/matchesRoute.ts":{"path":"/media/guilherme/Novo volume1/Linux/projetos-trybe/sd-023-b-trybe-futebol-clube/app/backend/src/routes/matchesRoute.ts","statementMap":{"0":{"start":{"line":2,"column":0},"end":{"line":2,"column":62}},"1":{"start":{"line":3,"column":18},"end":{"line":3,"column":36}},"2":{"start":{"line":4,"column":28},"end":{"line":4,"column":71}},"3":{"start":{"line":5,"column":16},"end":{"line":5,"column":39}},"4":{"start":{"line":6,"column":0},"end":{"line":6,"column":70}},"5":{"start":{"line":7,"column":0},"end":{"line":7,"column":63}},"6":{"start":{"line":8,"column":0},"end":{"line":8,"column":57}},"7":{"start":{"line":9,"column":0},"end":{"line":9,"column":59}},"8":{"start":{"line":10,"column":0},"end":{"line":10,"column":26}}},"fnMap":{},"branchMap":{},"s":{"0":1,"1":1,"2":1,"3":1,"4":1,"5":1,"6":1,"7":1,"8":1},"f":{},"b":{},"inputSourceMap":{"version":3,"file":"/media/guilherme/Novo volume1/Linux/projetos-trybe/sd-023-b-trybe-futebol-clube/app/backend/src/routes/matchesRoute.ts","sources":["/media/guilherme/Novo volume1/Linux/projetos-trybe/sd-023-b-trybe-futebol-clube/app/backend/src/routes/matchesRoute.ts"],"names":[],"mappings":";;AAAA,qCAAiC;AACjC,wEAAiE;AAEjE,MAAM,OAAO,GAAG,IAAA,gBAAM,GAAE,CAAC;AAEzB,OAAO,CAAC,KAAK,CAAC,aAAa,EAAE,2BAAiB,CAAC,WAAW,CAAC,CAAC;AAC5D,OAAO,CAAC,KAAK,CAAC,MAAM,EAAE,2BAAiB,CAAC,WAAW,CAAC,CAAC;AACrD,OAAO,CAAC,GAAG,CAAC,GAAG,EAAE,2BAAiB,CAAC,UAAU,CAAC,CAAC;AAC/C,OAAO,CAAC,IAAI,CAAC,GAAG,EAAE,2BAAiB,CAAC,WAAW,CAAC,CAAC;AAEjD,kBAAe,OAAO,CAAC","sourcesContent":["import { Router } from 'express';\nimport matchesController from '../controllers/matchesController';\n\nconst routers = Router();\n\nrouters.patch('/:id/finish', matchesController.finishMatch);\nrouters.patch('/:id', matchesController.updateMatch);\nrouters.get('/', matchesController.getMatches);\nrouters.post('/', matchesController.createMatch);\n\nexport default routers;\n"]},"_coverageSchema":"1a1c01bbd47fc00a2c39e90264f33305004495a9","hash":"cd88e1973804b80d4f212cb481a95ecdd170226f"},"/media/guilherme/Novo volume1/Linux/projetos-trybe/sd-023-b-trybe-futebol-clube/app/backend/src/controllers/matchesController.ts":{"path":"/media/guilherme/Novo volume1/Linux/projetos-trybe/sd-023-b-trybe-futebol-clube/app/backend/src/controllers/matchesController.ts","statementMap":{"0":{"start":{"line":2,"column":0},"end":{"line":2,"column":62}},"1":{"start":{"line":3,"column":25},"end":{"line":3,"column":62}},"2":{"start":{"line":4,"column":16},"end":{"line":4,"column":41}},"3":{"start":{"line":5,"column":19},"end":{"line":16,"column":1}},"4":{"start":{"line":6,"column":27},"end":{"line":6,"column":36}},"5":{"start":{"line":7,"column":4},"end":{"line":15,"column":5}},"6":{"start":{"line":8,"column":31},"end":{"line":8,"column":60}},"7":{"start":{"line":9,"column":41},"end":{"line":9,"column":108}},"8":{"start":{"line":10,"column":8},"end":{"line":10,"column":46}},"9":{"start":{"line":13,"column":41},"end":{"line":13,"column":84}},"10":{"start":{"line":14,"column":8},"end":{"line":14,"column":46}},"11":{"start":{"line":17,"column":20},"end":{"line":41,"column":1}},"12":{"start":{"line":18,"column":30},"end":{"line":18,"column":33}},"13":{"start":{"line":19,"column":4},"end":{"line":40,"column":5}},"14":{"start":{"line":20,"column":8},"end":{"line":36,"column":9}},"15":{"start":{"line":21,"column":12},"end":{"line":21,"column":63}},"16":{"start":{"line":22,"column":12},"end":{"line":32,"column":13}},"17":{"start":{"line":23,"column":16},"end":{"line":24,"column":100}},"18":{"start":{"line":27,"column":49},"end":{"line":27,"column":97}},"19":{"start":{"line":28,"column":16},"end":{"line":31,"column":58}},"20":{"start":{"line":29,"column":20},"end":{"line":29,"column":91}},"21":{"start":{"line":31,"column":20},"end":{"line":31,"column":58}},"22":{"start":{"line":35,"column":12},"end":{"line":35,"column":77}},"23":{"start":{"line":39,"column":8},"end":{"line":39,"column":73}},"24":{"start":{"line":42,"column":20},"end":{"line":46,"column":1}},"25":{"start":{"line":43,"column":19},"end":{"line":43,"column":29}},"26":{"start":{"line":44,"column":32},"end":{"line":44,"column":78}},"27":{"start":{"line":45,"column":4},"end":{"line":45,"column":41}},"28":{"start":{"line":47,"column":20},"end":{"line":52,"column":1}},"29":{"start":{"line":48,"column":19},"end":{"line":48,"column":29}},"30":{"start":{"line":49,"column":45},"end":{"line":49,"column":53}},"31":{"start":{"line":50,"column":32},"end":{"line":50,"column":108}},"32":{"start":{"line":51,"column":4},"end":{"line":51,"column":41}},"33":{"start":{"line":53,"column":0},"end":{"line":58,"column":2}}},"fnMap":{"0":{"name":"(anonymous_0)","decl":{"start":{"line":5,"column":19},"end":{"line":5,"column":20}},"loc":{"start":{"line":5,"column":39},"end":{"line":16,"column":1}},"line":5},"1":{"name":"(anonymous_1)","decl":{"start":{"line":17,"column":20},"end":{"line":17,"column":21}},"loc":{"start":{"line":17,"column":40},"end":{"line":41,"column":1}},"line":17},"2":{"name":"(anonymous_2)","decl":{"start":{"line":42,"column":20},"end":{"line":42,"column":21}},"loc":{"start":{"line":42,"column":40},"end":{"line":46,"column":1}},"line":42},"3":{"name":"(anonymous_3)","decl":{"start":{"line":47,"column":20},"end":{"line":47,"column":21}},"loc":{"start":{"line":47,"column":40},"end":{"line":52,"column":1}},"line":47}},"branchMap":{"0":{"loc":{"start":{"line":7,"column":4},"end":{"line":15,"column":5}},"type":"if","locations":[{"start":{"line":7,"column":4},"end":{"line":15,"column":5}},{"start":{"line":7,"column":4},"end":{"line":15,"column":5}}],"line":7},"1":{"loc":{"start":{"line":19,"column":4},"end":{"line":40,"column":5}},"type":"if","locations":[{"start":{"line":19,"column":4},"end":{"line":40,"column":5}},{"start":{"line":19,"column":4},"end":{"line":40,"column":5}}],"line":19},"2":{"loc":{"start":{"line":22,"column":12},"end":{"line":32,"column":13}},"type":"if","locations":[{"start":{"line":22,"column":12},"end":{"line":32,"column":13}},{"start":{"line":22,"column":12},"end":{"line":32,"column":13}}],"line":22},"3":{"loc":{"start":{"line":28,"column":16},"end":{"line":31,"column":58}},"type":"if","locations":[{"start":{"line":28,"column":16},"end":{"line":31,"column":58}},{"start":{"line":28,"column":16},"end":{"line":31,"column":58}}],"line":28}},"s":{"0":1,"1":1,"2":1,"3":1,"4":3,"5":3,"6":2,"7":2,"8":0,"9":1,"10":0,"11":1,"12":5,"13":5,"14":4,"15":4,"16":0,"17":0,"18":0,"19":0,"20":0,"21":0,"22":4,"23":1,"24":1,"25":1,"26":1,"27":0,"28":1,"29":1,"30":1,"31":1,"32":0,"33":1},"f":{"0":3,"1":5,"2":1,"3":1},"b":{"0":[2,1],"1":[4,1],"2":[0,0],"3":[0,0]},"inputSourceMap":{"version":3,"file":"/media/guilherme/Novo volume1/Linux/projetos-trybe/sd-023-b-trybe-futebol-clube/app/backend/src/controllers/matchesController.ts","sources":["/media/guilherme/Novo volume1/Linux/projetos-trybe/sd-023-b-trybe-futebol-clube/app/backend/src/controllers/matchesController.ts"],"names":[],"mappings":";;AACA,+DAAwD;AACxD,0CAAmC;AAEnC,MAAM,UAAU,GAAG,KAAK,EAAE,GAAY,EAAE,GAAa,EAAgB,EAAE;IACrE,MAAM,EAAE,UAAU,EAAE,GAAG,GAAG,CAAC,KAAK,CAAC;IACjC,IAAI,UAAU,EAAE;QACd,MAAM,cAAc,GAAY,CAAC,UAAU,CAAC,CAAC,QAAQ,CAAC,MAAM,CAAC,CAAC;QAC9D,MAAM,EAAE,MAAM,EAAE,YAAY,EAAE,GAAG,MAAM,wBAAc,CAAC,oBAAoB,CAAC,cAAc,CAAC,CAAC;QAC3F,GAAG,CAAC,MAAM,CAAC,MAAM,CAAC,CAAC,IAAI,CAAC,YAAY,CAAC,CAAC;KACvC;SAAM;QACL,MAAM,EAAE,MAAM,EAAE,YAAY,EAAE,GAAG,MAAM,wBAAc,CAAC,UAAU,EAAE,CAAC;QACnE,GAAG,CAAC,MAAM,CAAC,MAAM,CAAC,CAAC,IAAI,CAAC,YAAY,CAAC,CAAC;KACvC;AACH,CAAC,CAAC;AAEF,MAAM,WAAW,GAAG,KAAK,EAAE,GAAY,EAAE,GAAa,EAAgB,EAAE;IACtE,MAAM,EAAE,IAAI,EAAE,OAAO,EAAE,GAAG,GAAG,CAAC;IAC9B,IAAI,OAAO,CAAC,aAAa,EAAE;QACzB,IAAI;YACF,eAAK,CAAC,WAAW,CAAC,OAAO,CAAC,aAAa,CAAC,CAAC;YACzC,IAAI,IAAI,CAAC,UAAU,KAAK,IAAI,CAAC,UAAU,EAAE;gBACvC,GAAG,CAAC,MAAM,CAAC,GAAG,CAAC;qBACZ,IAAI,CAAC,EAAE,OAAO,EAAE,2DAA2D,EAAE,CAAC,CAAC;aACnF;iBAAM;gBACL,MAAM,EAAE,MAAM,EAAE,YAAY,EAAE,GAAG,MAAM,wBAAc,CAAC,WAAW,CAAC,IAAI,CAAC,CAAC;gBACxE,IAAI,MAAM,KAAK,GAAG;oBAAE,GAAG,CAAC,MAAM,CAAC,MAAM,CAAC,CAAC,IAAI,CAAC,EAAE,OAAO,EAAE,gCAAgC,EAAE,CAAC,CAAC;;oBACtF,GAAG,CAAC,MAAM,CAAC,MAAM,CAAC,CAAC,IAAI,CAAC,YAAY,CAAC,CAAC;aAC5C;SACF;QAAC,MAAM;YACN,GAAG,CAAC,MAAM,CAAC,GAAG,CAAC,CAAC,IAAI,CAAC,EAAE,OAAO,EAAE,6BAA6B,EAAE,CAAC,CAAC;SAClE;KACF;SAAM;QACL,GAAG,CAAC,MAAM,CAAC,GAAG,CAAC,CAAC,IAAI,CAAC,EAAE,OAAO,EAAE,6BAA6B,EAAE,CAAC,CAAC;KAClE;AACH,CAAC,CAAC;AAEF,MAAM,WAAW,GAAG,KAAK,EAAE,GAAY,EAAE,GAAa,EAAgB,EAAE;IACtE,MAAM,EAAE,EAAE,EAAE,GAAG,GAAG,CAAC,MAAM,CAAC;IAC1B,MAAM,EAAE,MAAM,EAAE,OAAO,EAAE,GAAG,MAAM,wBAAc,CAAC,WAAW,CAAC,EAAE,CAAC,CAAC;IACjE,GAAG,CAAC,MAAM,CAAC,MAAM,CAAC,CAAC,IAAI,CAAC,EAAE,OAAO,EAAE,CAAC,CAAC;AACvC,CAAC,CAAC;AAEF,MAAM,WAAW,GAAG,KAAK,EAAE,GAAY,EAAE,GAAa,EAAgB,EAAE;IACtE,MAAM,EAAE,EAAE,EAAE,GAAG,GAAG,CAAC,MAAM,CAAC;IAC1B,MAAM,EAAE,aAAa,EAAE,aAAa,EAAE,GAAG,GAAG,CAAC,IAAI,CAAC;IAClD,MAAM,EAAE,MAAM,EAAE,OAAO,EAAE,GAAG,MAAM,wBAAc,CAAC,WAAW,CAAC,EAAE,EAAE,aAAa,EAAE,aAAa,CAAC,CAAC;IAC/F,GAAG,CAAC,MAAM,CAAC,MAAM,CAAC,CAAC,IAAI,CAAC,EAAE,OAAO,EAAE,CAAC,CAAC;AACvC,CAAC,CAAC;AAEF,kBAAe;IACb,UAAU;IACV,WAAW;IACX,WAAW;IACX,WAAW;CACZ,CAAC","sourcesContent":["import { Request, Response } from 'express';\nimport matchesService from '../services/matchesService';\nimport token from '../utils/token';\n\nconst getMatches = async (req: Request, res: Response):Promise<void> => {\n  const { inProgress } = req.query;\n  if (inProgress) {\n    const booleanConvert: boolean = [inProgress].includes('true');\n    const { status, matchesFound } = await matchesService.getMatchesInProgress(booleanConvert);\n    res.status(status).json(matchesFound);\n  } else {\n    const { status, matchesFound } = await matchesService.getMatches();\n    res.status(status).json(matchesFound);\n  }\n};\n\nconst createMatch = async (req: Request, res: Response):Promise<void> => {\n  const { body, headers } = req;\n  if (headers.authorization) {\n    try {\n      token.verifyToken(headers.authorization);\n      if (body.homeTeamId === body.awayTeamId) {\n        res.status(422)\n          .json({ message: 'It is not possible to create a match with two equal teams' });\n      } else {\n        const { status, matchCreated } = await matchesService.createMatch(body);\n        if (status === 404) res.status(status).json({ message: 'There is no team with such id!' });\n        else res.status(status).json(matchCreated);\n      }\n    } catch {\n      res.status(401).json({ message: 'Token must be a valid token' });\n    }\n  } else {\n    res.status(401).json({ message: 'Token must be a valid token' });\n  }\n};\n\nconst finishMatch = async (req: Request, res: Response):Promise<void> => {\n  const { id } = req.params;\n  const { status, message } = await matchesService.finishMatch(id);\n  res.status(status).json({ message });\n};\n\nconst updateMatch = async (req: Request, res: Response):Promise<void> => {\n  const { id } = req.params;\n  const { homeTeamGoals, awayTeamGoals } = req.body;\n  const { status, message } = await matchesService.updateMatch(id, homeTeamGoals, awayTeamGoals);\n  res.status(status).json({ message });\n};\n\nexport default {\n  getMatches,\n  createMatch,\n  finishMatch,\n  updateMatch,\n};\n"]},"_coverageSchema":"1a1c01bbd47fc00a2c39e90264f33305004495a9","hash":"950fa4c17c83f40f93eecb012afecd392b09efd6"},"/media/guilherme/Novo volume1/Linux/projetos-trybe/sd-023-b-trybe-futebol-clube/app/backend/src/services/matchesService.ts":{"path":"/media/guilherme/Novo volume1/Linux/projetos-trybe/sd-023-b-trybe-futebol-clube/app/backend/src/services/matchesService.ts","statementMap":{"0":{"start":{"line":2,"column":0},"end":{"line":2,"column":62}},"1":{"start":{"line":3,"column":21},"end":{"line":3,"column":61}},"2":{"start":{"line":4,"column":23},"end":{"line":4,"column":48}},"3":{"start":{"line":5,"column":20},"end":{"line":19,"column":1}},"4":{"start":{"line":7,"column":25},"end":{"line":7,"column":78}},"5":{"start":{"line":8,"column":25},"end":{"line":8,"column":78}},"6":{"start":{"line":9,"column":4},"end":{"line":18,"column":6}},"7":{"start":{"line":20,"column":19},"end":{"line":24,"column":1}},"8":{"start":{"line":21,"column":19},"end":{"line":21,"column":55}},"9":{"start":{"line":22,"column":25},"end":{"line":22,"column":88}},"10":{"start":{"line":22,"column":61},"end":{"line":22,"column":86}},"11":{"start":{"line":23,"column":4},"end":{"line":23,"column":41}},"12":{"start":{"line":25,"column":29},"end":{"line":29,"column":1}},"13":{"start":{"line":26,"column":19},"end":{"line":26,"column":90}},"14":{"start":{"line":27,"column":25},"end":{"line":27,"column":88}},"15":{"start":{"line":27,"column":61},"end":{"line":27,"column":86}},"16":{"start":{"line":28,"column":4},"end":{"line":28,"column":41}},"17":{"start":{"line":30,"column":21},"end":{"line":34,"column":1}},"18":{"start":{"line":31,"column":21},"end":{"line":31,"column":70}},"19":{"start":{"line":32,"column":21},"end":{"line":32,"column":70}},"20":{"start":{"line":33,"column":4},"end":{"line":33,"column":65}},"21":{"start":{"line":35,"column":20},"end":{"line":55,"column":1}},"22":{"start":{"line":36,"column":18},"end":{"line":36,"column":72}},"23":{"start":{"line":37,"column":4},"end":{"line":38,"column":31}},"24":{"start":{"line":38,"column":8},"end":{"line":38,"column":31}},"25":{"start":{"line":39,"column":19},"end":{"line":45,"column":6}},"26":{"start":{"line":46,"column":25},"end":{"line":53,"column":5}},"27":{"start":{"line":54,"column":4},"end":{"line":54,"column":41}},"28":{"start":{"line":56,"column":20},"end":{"line":59,"column":1}},"29":{"start":{"line":57,"column":4},"end":{"line":57,"column":80}},"30":{"start":{"line":58,"column":4},"end":{"line":58,"column":48}},"31":{"start":{"line":60,"column":20},"end":{"line":63,"column":1}},"32":{"start":{"line":61,"column":4},"end":{"line":61,"column":91}},"33":{"start":{"line":62,"column":4},"end":{"line":62,"column":47}},"34":{"start":{"line":64,"column":0},"end":{"line":70,"column":2}}},"fnMap":{"0":{"name":"(anonymous_0)","decl":{"start":{"line":5,"column":20},"end":{"line":5,"column":21}},"loc":{"start":{"line":5,"column":37},"end":{"line":19,"column":1}},"line":5},"1":{"name":"(anonymous_1)","decl":{"start":{"line":20,"column":19},"end":{"line":20,"column":20}},"loc":{"start":{"line":20,"column":31},"end":{"line":24,"column":1}},"line":20},"2":{"name":"(anonymous_2)","decl":{"start":{"line":22,"column":54},"end":{"line":22,"column":55}},"loc":{"start":{"line":22,"column":61},"end":{"line":22,"column":86}},"line":22},"3":{"name":"(anonymous_3)","decl":{"start":{"line":25,"column":29},"end":{"line":25,"column":30}},"loc":{"start":{"line":25,"column":49},"end":{"line":29,"column":1}},"line":25},"4":{"name":"(anonymous_4)","decl":{"start":{"line":27,"column":54},"end":{"line":27,"column":55}},"loc":{"start":{"line":27,"column":61},"end":{"line":27,"column":86}},"line":27},"5":{"name":"(anonymous_5)","decl":{"start":{"line":30,"column":21},"end":{"line":30,"column":22}},"loc":{"start":{"line":30,"column":55},"end":{"line":34,"column":1}},"line":30},"6":{"name":"(anonymous_6)","decl":{"start":{"line":35,"column":20},"end":{"line":35,"column":21}},"loc":{"start":{"line":35,"column":37},"end":{"line":55,"column":1}},"line":35},"7":{"name":"(anonymous_7)","decl":{"start":{"line":56,"column":20},"end":{"line":56,"column":21}},"loc":{"start":{"line":56,"column":34},"end":{"line":59,"column":1}},"line":56},"8":{"name":"(anonymous_8)","decl":{"start":{"line":60,"column":20},"end":{"line":60,"column":21}},"loc":{"start":{"line":60,"column":64},"end":{"line":63,"column":1}},"line":60}},"branchMap":{"0":{"loc":{"start":{"line":11,"column":20},"end":{"line":11,"column":103}},"type":"cond-expr","locations":[{"start":{"line":11,"column":78},"end":{"line":11,"column":84}},{"start":{"line":11,"column":87},"end":{"line":11,"column":103}}],"line":11},"1":{"loc":{"start":{"line":11,"column":20},"end":{"line":11,"column":75}},"type":"binary-expr","locations":[{"start":{"line":11,"column":20},"end":{"line":11,"column":58}},{"start":{"line":11,"column":62},"end":{"line":11,"column":75}}],"line":11},"2":{"loc":{"start":{"line":13,"column":20},"end":{"line":13,"column":103}},"type":"cond-expr","locations":[{"start":{"line":13,"column":78},"end":{"line":13,"column":84}},{"start":{"line":13,"column":87},"end":{"line":13,"column":103}}],"line":13},"3":{"loc":{"start":{"line":13,"column":20},"end":{"line":13,"column":75}},"type":"binary-expr","locations":[{"start":{"line":13,"column":20},"end":{"line":13,"column":58}},{"start":{"line":13,"column":62},"end":{"line":13,"column":75}}],"line":13},"4":{"loc":{"start":{"line":16,"column":30},"end":{"line":16,"column":119}},"type":"cond-expr","locations":[{"start":{"line":16,"column":88},"end":{"line":16,"column":94}},{"start":{"line":16,"column":97},"end":{"line":16,"column":119}}],"line":16},"5":{"loc":{"start":{"line":16,"column":30},"end":{"line":16,"column":85}},"type":"binary-expr","locations":[{"start":{"line":16,"column":30},"end":{"line":16,"column":68}},{"start":{"line":16,"column":72},"end":{"line":16,"column":85}}],"line":16},"6":{"loc":{"start":{"line":17,"column":30},"end":{"line":17,"column":119}},"type":"cond-expr","locations":[{"start":{"line":17,"column":88},"end":{"line":17,"column":94}},{"start":{"line":17,"column":97},"end":{"line":17,"column":119}}],"line":17},"7":{"loc":{"start":{"line":17,"column":30},"end":{"line":17,"column":85}},"type":"binary-expr","locations":[{"start":{"line":17,"column":30},"end":{"line":17,"column":68}},{"start":{"line":17,"column":72},"end":{"line":17,"column":85}}],"line":17},"8":{"loc":{"start":{"line":33,"column":13},"end":{"line":33,"column":63}},"type":"binary-expr","locations":[{"start":{"line":33,"column":13},"end":{"line":33,"column":36}},{"start":{"line":33,"column":40},"end":{"line":33,"column":63}}],"line":33},"9":{"loc":{"start":{"line":37,"column":4},"end":{"line":38,"column":31}},"type":"if","locations":[{"start":{"line":37,"column":4},"end":{"line":38,"column":31}},{"start":{"line":37,"column":4},"end":{"line":38,"column":31}}],"line":37}},"s":{"0":1,"1":1,"2":1,"3":1,"4":0,"5":0,"6":0,"7":1,"8":1,"9":0,"10":0,"11":0,"12":1,"13":2,"14":0,"15":0,"16":0,"17":1,"18":0,"19":0,"20":0,"21":1,"22":0,"23":0,"24":0,"25":0,"26":0,"27":0,"28":1,"29":1,"30":0,"31":1,"32":1,"33":0,"34":1},"f":{"0":0,"1":1,"2":0,"3":2,"4":0,"5":0,"6":0,"7":1,"8":1},"b":{"0":[0,0],"1":[0,0],"2":[0,0],"3":[0,0],"4":[0,0],"5":[0,0],"6":[0,0],"7":[0,0],"8":[0,0],"9":[0,0]},"inputSourceMap":{"version":3,"file":"/media/guilherme/Novo volume1/Linux/projetos-trybe/sd-023-b-trybe-futebol-clube/app/backend/src/services/matchesService.ts","sources":["/media/guilherme/Novo volume1/Linux/projetos-trybe/sd-023-b-trybe-futebol-clube/app/backend/src/services/matchesService.ts"],"names":[],"mappings":";;AAAA,8DAAuD;AACvD,iDAA0C;AAG1C,MAAM,WAAW,GAAG,KAAK,EAAE,KAAa,EAAE,EAAE;;IAC1C,MAAM,YAAY,GAAG,MAAM,sBAAY,CAAC,QAAQ,CAAC,KAAK,CAAC,QAAQ,CAAC,CAAC;IACjE,MAAM,YAAY,GAAG,MAAM,sBAAY,CAAC,QAAQ,CAAC,KAAK,CAAC,QAAQ,CAAC,CAAC;IACjE,OAAO;QACL,EAAE,EAAE,KAAK,CAAC,EAAE;QACZ,UAAU,EAAE,MAAA,YAAY,CAAC,SAAS,0CAAE,UAAU,CAAC,EAAE;QACjD,aAAa,EAAE,KAAK,CAAC,aAAa;QAClC,UAAU,EAAE,MAAA,YAAY,CAAC,SAAS,0CAAE,UAAU,CAAC,EAAE;QACjD,aAAa,EAAE,KAAK,CAAC,aAAa;QAClC,UAAU,EAAE,KAAK,CAAC,UAAU;QAC5B,QAAQ,EAAE,EAAE,QAAQ,EAAE,MAAA,YAAY,CAAC,SAAS,0CAAE,UAAU,CAAC,QAAQ,EAAE;QACnE,QAAQ,EAAE,EAAE,QAAQ,EAAE,MAAA,YAAY,CAAC,SAAS,0CAAE,UAAU,CAAC,QAAQ,EAAE;KACpE,CAAC;AACJ,CAAC,CAAC;AAEF,MAAM,UAAU,GAAG,KAAK,IAAI,EAAE;IAC5B,MAAM,MAAM,GAAG,MAAM,oBAAU,CAAC,OAAO,EAAE,CAAC;IAC1C,MAAM,YAAY,GAAG,MAAM,OAAO,CAAC,GAAG,CAAC,MAAM,CAAC,GAAG,CAAC,CAAC,CAAC,EAAE,EAAE,CAAC,WAAW,CAAC,CAAC,CAAC,UAAU,CAAC,CAAC,CAAC,CAAC;IACrF,OAAO,EAAE,MAAM,EAAE,GAAG,EAAE,YAAY,EAAE,CAAC;AACvC,CAAC,CAAC;AAEF,MAAM,oBAAoB,GAAG,KAAK,EAAE,QAAiB,EAAE,EAAE;IACvD,MAAM,MAAM,GAAG,MAAM,oBAAU,CAAC,OAAO,CAAC,EAAE,KAAK,EAAE,EAAE,UAAU,EAAE,QAAQ,EAAE,EAAE,CAAC,CAAC;IAC7E,MAAM,YAAY,GAAG,MAAM,OAAO,CAAC,GAAG,CAAC,MAAM,CAAC,GAAG,CAAC,CAAC,CAAC,EAAE,EAAE,CAAC,WAAW,CAAC,CAAC,CAAC,UAAU,CAAC,CAAC,CAAC,CAAC;IACrF,OAAO,EAAE,MAAM,EAAE,GAAG,EAAE,YAAY,EAAE,CAAC;AACvC,CAAC,CAAC;AAEF,MAAM,YAAY,GAAG,KAAK,EAAE,UAAiB,EAAE,UAAiB,EAAE,EAAE;IAClE,MAAM,QAAQ,GAAG,MAAM,sBAAY,CAAC,QAAQ,CAAC,UAAU,CAAC,CAAC;IACzD,MAAM,QAAQ,GAAG,MAAM,sBAAY,CAAC,QAAQ,CAAC,UAAU,CAAC,CAAC;IACzD,OAAO,CAAC,CAAC,QAAQ,CAAC,MAAM,KAAK,GAAG,IAAI,QAAQ,CAAC,MAAM,KAAK,GAAG,CAAC,CAAC;AAC/D,CAAC,CAAC;AAEF,MAAM,WAAW,GAAG,KAAK,EAAE,KAAmB,EAAE,EAAE;IAChD,MAAM,KAAK,GAAG,MAAM,YAAY,CAAC,KAAK,CAAC,UAAU,EAAE,KAAK,CAAC,UAAU,CAAC,CAAC;IACrE,IAAI,KAAK,KAAK,KAAK;QAAE,OAAO,EAAE,MAAM,EAAE,GAAG,EAAE,CAAC;IAC5C,MAAM,MAAM,GAAG,MAAM,oBAAU,CAAC,MAAM,CAAC;QACrC,QAAQ,EAAE,KAAK,CAAC,UAAU;QAC1B,aAAa,EAAE,KAAK,CAAC,aAAa;QAClC,QAAQ,EAAE,KAAK,CAAC,UAAU;QAC1B,aAAa,EAAE,KAAK,CAAC,aAAa;QAClC,UAAU,EAAE,IAAI;KACjB,CAAC,CAAC;IACH,MAAM,YAAY,GAAG;QACnB,EAAE,EAAE,MAAM,CAAC,UAAU,CAAC,EAAE;QACxB,UAAU,EAAE,MAAM,CAAC,UAAU,CAAC,QAAQ;QACtC,aAAa,EAAE,MAAM,CAAC,UAAU,CAAC,aAAa;QAC9C,UAAU,EAAE,MAAM,CAAC,UAAU,CAAC,QAAQ;QACtC,aAAa,EAAE,MAAM,CAAC,UAAU,CAAC,aAAa;QAC9C,UAAU,EAAE,MAAM,CAAC,UAAU,CAAC,UAAU;KACzC,CAAC;IACF,OAAO,EAAE,MAAM,EAAE,GAAG,EAAE,YAAY,EAAE,CAAC;AACvC,CAAC,CAAC;AAEF,MAAM,WAAW,GAAG,KAAK,EAAE,EAAU,EAAE,EAAE;IACvC,MAAM,oBAAU,CAAC,MAAM,CAAC,EAAE,UAAU,EAAE,KAAK,EAAE,EAAE,EAAE,KAAK,EAAE,EAAE,EAAE,EAAE,EAAE,CAAC,CAAC;IAClE,OAAO,EAAE,MAAM,EAAE,GAAG,EAAE,OAAO,EAAE,UAAU,EAAE,CAAC;AAC9C,CAAC,CAAC;AAEF,MAAM,WAAW,GAAG,KAAK,EAAE,EAAU,EAAE,aAAqB,EAAE,aAAqB,EAAE,EAAE;IACrF,MAAM,oBAAU,CAAC,MAAM,CAAC,EAAE,aAAa,EAAE,aAAa,EAAE,EAAE,EAAE,KAAK,EAAE,EAAE,EAAE,EAAE,EAAE,CAAC,CAAC;IAC7E,OAAO,EAAE,MAAM,EAAE,GAAG,EAAE,OAAO,EAAE,SAAS,EAAE,CAAC;AAC7C,CAAC,CAAC;AAEF,kBAAe;IACb,UAAU;IACV,oBAAoB;IACpB,WAAW;IACX,WAAW;IACX,WAAW;CACZ,CAAC","sourcesContent":["import matchModel from '../database/models/matchModel';\nimport teamsService from './teamsService';\nimport { IMatch, ICreateMatch } from '../interfaces/IMatch';\n\nconst getTeamName = async (match: IMatch) => {\n  const homeTeamName = await teamsService.findTeam(match.homeTeam);\n  const awayTeamName = await teamsService.findTeam(match.awayTeam);\n  return {\n    id: match.id,\n    homeTeamId: homeTeamName.teamFound?.dataValues.id,\n    homeTeamGoals: match.homeTeamGoals,\n    awayTeamId: awayTeamName.teamFound?.dataValues.id,\n    awayTeamGoals: match.awayTeamGoals,\n    inProgress: match.inProgress,\n    homeTeam: { teamName: homeTeamName.teamFound?.dataValues.teamName },\n    awayTeam: { teamName: awayTeamName.teamFound?.dataValues.teamName },\n  };\n};\n\nconst getMatches = async () => {\n  const result = await matchModel.findAll();\n  const matchesFound = await Promise.all(result.map((e) => getTeamName(e.dataValues)));\n  return { status: 200, matchesFound };\n};\n\nconst getMatchesInProgress = async (progress: boolean) => {\n  const result = await matchModel.findAll({ where: { inProgress: progress } });\n  const matchesFound = await Promise.all(result.map((e) => getTeamName(e.dataValues)));\n  return { status: 200, matchesFound };\n};\n\nconst checkTeamsId = async (homeTeamId:number, awayTeamId:number) => {\n  const homeTeam = await teamsService.findTeam(homeTeamId);\n  const awayTeam = await teamsService.findTeam(awayTeamId);\n  return !(homeTeam.status !== 200 || awayTeam.status !== 200);\n};\n\nconst createMatch = async (match: ICreateMatch) => {\n  const check = await checkTeamsId(match.homeTeamId, match.awayTeamId);\n  if (check === false) return { status: 404 };\n  const result = await matchModel.create({\n    homeTeam: match.homeTeamId,\n    homeTeamGoals: match.homeTeamGoals,\n    awayTeam: match.awayTeamId,\n    awayTeamGoals: match.awayTeamGoals,\n    inProgress: true,\n  });\n  const matchCreated = {\n    id: result.dataValues.id,\n    homeTeamId: result.dataValues.homeTeam,\n    homeTeamGoals: result.dataValues.homeTeamGoals,\n    awayTeamId: result.dataValues.awayTeam,\n    awayTeamGoals: result.dataValues.awayTeamGoals,\n    inProgress: result.dataValues.inProgress,\n  };\n  return { status: 201, matchCreated };\n};\n\nconst finishMatch = async (id: string) => {\n  await matchModel.update({ inProgress: false }, { where: { id } });\n  return { status: 200, message: 'Finished' };\n};\n\nconst updateMatch = async (id: string, homeTeamGoals: number, awayTeamGoals: number) => {\n  await matchModel.update({ homeTeamGoals, awayTeamGoals }, { where: { id } });\n  return { status: 200, message: 'Updated' };\n};\n\nexport default {\n  getMatches,\n  getMatchesInProgress,\n  createMatch,\n  finishMatch,\n  updateMatch,\n};\n"]},"_coverageSchema":"1a1c01bbd47fc00a2c39e90264f33305004495a9","hash":"6fff6d4ed0a39f79a2974d0f11e867bf1cd6d05c"},"/media/guilherme/Novo volume1/Linux/projetos-trybe/sd-023-b-trybe-futebol-clube/app/backend/src/database/models/matchModel.ts":{"path":"/media/guilherme/Novo volume1/Linux/projetos-trybe/sd-023-b-trybe-futebol-clube/app/backend/src/database/models/matchModel.ts","statementMap":{"0":{"start":{"line":2,"column":0},"end":{"line":2,"column":62}},"1":{"start":{"line":3,"column":20},"end":{"line":3,"column":40}},"2":{"start":{"line":4,"column":11},"end":{"line":4,"column":23}},"3":{"start":{"line":5,"column":21},"end":{"line":5,"column":44}},"4":{"start":{"line":8,"column":0},"end":{"line":45,"column":3}},"5":{"start":{"line":46,"column":0},"end":{"line":46,"column":74}},"6":{"start":{"line":47,"column":0},"end":{"line":47,"column":74}},"7":{"start":{"line":48,"column":0},"end":{"line":48,"column":76}},"8":{"start":{"line":49,"column":0},"end":{"line":49,"column":76}},"9":{"start":{"line":50,"column":0},"end":{"line":50,"column":24}}},"fnMap":{},"branchMap":{},"s":{"0":1,"1":1,"2":1,"3":1,"4":1,"5":1,"6":1,"7":1,"8":1,"9":1},"f":{},"b":{},"inputSourceMap":{"version":3,"file":"/media/guilherme/Novo volume1/Linux/projetos-trybe/sd-023-b-trybe-futebol-clube/app/backend/src/database/models/matchModel.ts","sources":["/media/guilherme/Novo volume1/Linux/projetos-trybe/sd-023-b-trybe-futebol-clube/app/backend/src/database/models/matchModel.ts"],"names":[],"mappings":";;AAAA,yCAAoD;AACpD,wBAAmB;AACnB,6CAAgC;AAEhC,MAAM,KAAM,SAAQ,iBAAK;CAOxB;AAED,KAAK,CAAC,IAAI,CAAC;IACT,EAAE,EAAE;QACF,IAAI,EAAE,mBAAO;QACb,SAAS,EAAE,KAAK;QAChB,UAAU,EAAE,IAAI;QAChB,aAAa,EAAE,IAAI;KACpB;IACD,QAAQ,EAAE;QACR,IAAI,EAAE,mBAAO;QACb,SAAS,EAAE,KAAK;QAChB,KAAK,EAAE,cAAc;KACtB;IACD,aAAa,EAAE;QACb,IAAI,EAAE,mBAAO;QACb,SAAS,EAAE,KAAK;QAChB,KAAK,EAAE,iBAAiB;KACzB;IACD,QAAQ,EAAE;QACR,IAAI,EAAE,mBAAO;QACb,SAAS,EAAE,KAAK;QAChB,KAAK,EAAE,cAAc;KACtB;IACD,aAAa,EAAE;QACb,KAAK,EAAE,iBAAiB;QACxB,SAAS,EAAE,KAAK;QAChB,IAAI,EAAE,mBAAO;KACd;IACD,UAAU,EAAE;QACV,KAAK,EAAE,aAAa;QACpB,SAAS,EAAE,KAAK;QAChB,IAAI,EAAE,mBAAO;KACd;CACF,EAAE;IACD,WAAW,EAAE,IAAI;IACjB,SAAS,EAAE,UAAE;IACb,SAAS,EAAE,SAAS;IACpB,UAAU,EAAE,KAAK;CAClB,CAAC,CAAC;AAEH,KAAK,CAAC,OAAO,CAAC,oBAAI,EAAE,EAAE,UAAU,EAAE,IAAI,EAAE,EAAE,EAAE,UAAU,EAAE,CAAC,CAAC;AAC1D,KAAK,CAAC,OAAO,CAAC,oBAAI,EAAE,EAAE,UAAU,EAAE,IAAI,EAAE,EAAE,EAAE,UAAU,EAAE,CAAC,CAAC;AAE1D,oBAAI,CAAC,SAAS,CAAC,KAAK,EAAE,EAAE,UAAU,EAAE,IAAI,EAAE,EAAE,EAAE,UAAU,EAAE,CAAC,CAAC;AAC5D,oBAAI,CAAC,SAAS,CAAC,KAAK,EAAE,EAAE,UAAU,EAAE,IAAI,EAAE,EAAE,EAAE,UAAU,EAAE,CAAC,CAAC;AAE5D,kBAAe,KAAK,CAAC","sourcesContent":["import { Model, BOOLEAN, INTEGER } from 'sequelize';\nimport db from '.';\nimport Team from './teamsModel';\n\nclass Match extends Model {\n  declare id: number;\n  declare homeTeam: number;\n  declare homeTeamGoals: number;\n  declare awayTeam: number;\n  declare awayTeamGoals: number;\n  declare inProgress: boolean;\n}\n\nMatch.init({\n  id: {\n    type: INTEGER,\n    allowNull: false,\n    primaryKey: true,\n    autoIncrement: true,\n  },\n  homeTeam: {\n    type: INTEGER,\n    allowNull: false,\n    field: 'home_team_id',\n  },\n  homeTeamGoals: {\n    type: INTEGER,\n    allowNull: false,\n    field: 'home_team_goals',\n  },\n  awayTeam: {\n    type: INTEGER,\n    allowNull: false,\n    field: 'away_team_id',\n  },\n  awayTeamGoals: {\n    field: 'away_team_goals',\n    allowNull: false,\n    type: INTEGER,\n  },\n  inProgress: {\n    field: 'in_progress',\n    allowNull: false,\n    type: BOOLEAN,\n  },\n}, {\n  underscored: true,\n  sequelize: db,\n  modelName: 'matches',\n  timestamps: false,\n});\n\nMatch.hasMany(Team, { foreignKey: 'id', as: 'teamHome' });\nMatch.hasMany(Team, { foreignKey: 'id', as: 'teamAway' });\n\nTeam.belongsTo(Match, { foreignKey: 'id', as: 'teamHome' });\nTeam.belongsTo(Match, { foreignKey: 'id', as: 'teamAway' });\n\nexport default Match;\n"]},"_coverageSchema":"1a1c01bbd47fc00a2c39e90264f33305004495a9","hash":"ea1e69ee7dcd9354bc85cebc67f762e894a52462"},"/media/guilherme/Novo volume1/Linux/projetos-trybe/sd-023-b-trybe-futebol-clube/app/backend/src/routes/leaderboardRoute.ts":{"path":"/media/guilherme/Novo volume1/Linux/projetos-trybe/sd-023-b-trybe-futebol-clube/app/backend/src/routes/leaderboardRoute.ts","statementMap":{"0":{"start":{"line":2,"column":0},"end":{"line":2,"column":62}},"1":{"start":{"line":3,"column":18},"end":{"line":3,"column":36}},"2":{"start":{"line":4,"column":32},"end":{"line":4,"column":79}},"3":{"start":{"line":5,"column":16},"end":{"line":5,"column":39}},"4":{"start":{"line":6,"column":0},"end":{"line":6,"column":69}},"5":{"start":{"line":7,"column":0},"end":{"line":7,"column":69}},"6":{"start":{"line":8,"column":0},"end":{"line":8,"column":72}},"7":{"start":{"line":9,"column":0},"end":{"line":9,"column":26}}},"fnMap":{},"branchMap":{},"s":{"0":1,"1":1,"2":1,"3":1,"4":1,"5":1,"6":1,"7":1},"f":{},"b":{},"inputSourceMap":{"version":3,"file":"/media/guilherme/Novo volume1/Linux/projetos-trybe/sd-023-b-trybe-futebol-clube/app/backend/src/routes/leaderboardRoute.ts","sources":["/media/guilherme/Novo volume1/Linux/projetos-trybe/sd-023-b-trybe-futebol-clube/app/backend/src/routes/leaderboardRoute.ts"],"names":[],"mappings":";;AAAA,qCAAiC;AACjC,gFAAyE;AAEzE,MAAM,OAAO,GAAG,IAAA,gBAAM,GAAE,CAAC;AAEzB,OAAO,CAAC,GAAG,CAAC,OAAO,EAAE,+BAAqB,CAAC,cAAc,CAAC,CAAC;AAC3D,OAAO,CAAC,GAAG,CAAC,OAAO,EAAE,+BAAqB,CAAC,cAAc,CAAC,CAAC;AAC3D,OAAO,CAAC,GAAG,CAAC,GAAG,EAAE,+BAAqB,CAAC,qBAAqB,CAAC,CAAC;AAE9D,kBAAe,OAAO,CAAC","sourcesContent":["import { Router } from 'express';\nimport leaderboardController from '../controllers/leaderboardController';\n\nconst routers = Router();\n\nrouters.get('/home', leaderboardController.getLeaderboard);\nrouters.get('/away', leaderboardController.getLeaderboard);\nrouters.get('/', leaderboardController.getGeneralLeaderboard);\n\nexport default routers;\n"]},"_coverageSchema":"1a1c01bbd47fc00a2c39e90264f33305004495a9","hash":"fcda8a833cd31a0675e531366e61f728e90a7ad3"},"/media/guilherme/Novo volume1/Linux/projetos-trybe/sd-023-b-trybe-futebol-clube/app/backend/src/controllers/leaderboardController.ts":{"path":"/media/guilherme/Novo volume1/Linux/projetos-trybe/sd-023-b-trybe-futebol-clube/app/backend/src/controllers/leaderboardController.ts","statementMap":{"0":{"start":{"line":2,"column":0},"end":{"line":2,"column":62}},"1":{"start":{"line":3,"column":25},"end":{"line":3,"column":62}},"2":{"start":{"line":4,"column":23},"end":{"line":4,"column":58}},"3":{"start":{"line":5,"column":18},"end":{"line":18,"column":1}},"4":{"start":{"line":6,"column":4},"end":{"line":12,"column":5}},"5":{"start":{"line":7,"column":8},"end":{"line":8,"column":35}},"6":{"start":{"line":8,"column":12},"end":{"line":8,"column":35}},"7":{"start":{"line":9,"column":8},"end":{"line":10,"column":31}},"8":{"start":{"line":10,"column":12},"end":{"line":10,"column":31}},"9":{"start":{"line":11,"column":8},"end":{"line":11,"column":31}},"10":{"start":{"line":13,"column":4},"end":{"line":14,"column":31}},"11":{"start":{"line":14,"column":8},"end":{"line":14,"column":31}},"12":{"start":{"line":15,"column":4},"end":{"line":16,"column":27}},"13":{"start":{"line":16,"column":8},"end":{"line":16,"column":27}},"14":{"start":{"line":17,"column":4},"end":{"line":17,"column":27}},"15":{"start":{"line":19,"column":24},"end":{"line":35,"column":1}},"16":{"start":{"line":20,"column":4},"end":{"line":22,"column":5}},"17":{"start":{"line":21,"column":8},"end":{"line":21,"column":49}},"18":{"start":{"line":23,"column":4},"end":{"line":29,"column":5}},"19":{"start":{"line":24,"column":8},"end":{"line":25,"column":35}},"20":{"start":{"line":25,"column":12},"end":{"line":25,"column":35}},"21":{"start":{"line":26,"column":8},"end":{"line":27,"column":35}},"22":{"start":{"line":27,"column":12},"end":{"line":27,"column":35}},"23":{"start":{"line":28,"column":8},"end":{"line":28,"column":31}},"24":{"start":{"line":30,"column":4},"end":{"line":31,"column":31}},"25":{"start":{"line":31,"column":8},"end":{"line":31,"column":31}},"26":{"start":{"line":32,"column":4},"end":{"line":33,"column":31}},"27":{"start":{"line":33,"column":8},"end":{"line":33,"column":31}},"28":{"start":{"line":34,"column":4},"end":{"line":34,"column":27}},"29":{"start":{"line":36,"column":27},"end":{"line":48,"column":1}},"30":{"start":{"line":37,"column":4},"end":{"line":43,"column":5}},"31":{"start":{"line":38,"column":28},"end":{"line":39,"column":91}},"32":{"start":{"line":39,"column":27},"end":{"line":39,"column":83}},"33":{"start":{"line":40,"column":28},"end":{"line":41,"column":91}},"34":{"start":{"line":41,"column":27},"end":{"line":41,"column":83}},"35":{"start":{"line":42,"column":8},"end":{"line":42,"column":41}},"36":{"start":{"line":44,"column":4},"end":{"line":46,"column":5}},"37":{"start":{"line":45,"column":8},"end":{"line":45,"column":88}},"38":{"start":{"line":45,"column":46},"end":{"line":45,"column":79}},"39":{"start":{"line":47,"column":4},"end":{"line":47,"column":84}},"40":{"start":{"line":47,"column":42},"end":{"line":47,"column":75}},"41":{"start":{"line":49,"column":23},"end":{"line":53,"column":1}},"42":{"start":{"line":50,"column":19},"end":{"line":51,"column":66}},"43":{"start":{"line":51,"column":23},"end":{"line":51,"column":58}},"44":{"start":{"line":52,"column":4},"end":{"line":52,"column":18}},"45":{"start":{"line":54,"column":24},"end":{"line":66,"column":1}},"46":{"start":{"line":55,"column":4},"end":{"line":61,"column":5}},"47":{"start":{"line":56,"column":27},"end":{"line":57,"column":91}},"48":{"start":{"line":57,"column":27},"end":{"line":57,"column":83}},"49":{"start":{"line":58,"column":27},"end":{"line":59,"column":91}},"50":{"start":{"line":59,"column":27},"end":{"line":59,"column":83}},"51":{"start":{"line":60,"column":8},"end":{"line":60,"column":39}},"52":{"start":{"line":62,"column":4},"end":{"line":64,"column":5}},"53":{"start":{"line":63,"column":8},"end":{"line":63,"column":88}},"54":{"start":{"line":63,"column":46},"end":{"line":63,"column":79}},"55":{"start":{"line":65,"column":4},"end":{"line":65,"column":84}},"56":{"start":{"line":65,"column":42},"end":{"line":65,"column":75}},"57":{"start":{"line":67,"column":28},"end":{"line":72,"column":1}},"58":{"start":{"line":68,"column":4},"end":{"line":70,"column":5}},"59":{"start":{"line":69,"column":8},"end":{"line":69,"column":35}},"60":{"start":{"line":71,"column":4},"end":{"line":71,"column":31}},"61":{"start":{"line":73,"column":26},"end":{"line":78,"column":1}},"62":{"start":{"line":74,"column":4},"end":{"line":76,"column":5}},"63":{"start":{"line":75,"column":8},"end":{"line":75,"column":35}},"64":{"start":{"line":77,"column":4},"end":{"line":77,"column":31}},"65":{"start":{"line":79,"column":27},"end":{"line":97,"column":1}},"66":{"start":{"line":80,"column":22},"end":{"line":88,"column":5}},"67":{"start":{"line":89,"column":4},"end":{"line":95,"column":7}},"68":{"start":{"line":90,"column":23},"end":{"line":90,"column":79}},"69":{"start":{"line":91,"column":8},"end":{"line":91,"column":39}},"70":{"start":{"line":92,"column":8},"end":{"line":92,"column":63}},"71":{"start":{"line":93,"column":8},"end":{"line":93,"column":59}},"72":{"start":{"line":94,"column":8},"end":{"line":94,"column":20}},"73":{"start":{"line":96,"column":4},"end":{"line":96,"column":21}},"74":{"start":{"line":98,"column":28},"end":{"line":101,"column":1}},"75":{"start":{"line":99,"column":23},"end":{"line":99,"column":66}},"76":{"start":{"line":100,"column":4},"end":{"line":100,"column":22}},"77":{"start":{"line":102,"column":23},"end":{"line":123,"column":1}},"78":{"start":{"line":103,"column":29},"end":{"line":103,"column":72}},"79":{"start":{"line":104,"column":22},"end":{"line":104,"column":24}},"80":{"start":{"line":105,"column":4},"end":{"line":114,"column":5}},"81":{"start":{"line":106,"column":8},"end":{"line":107,"column":99}},"82":{"start":{"line":107,"column":27},"end":{"line":107,"column":97}},"83":{"start":{"line":109,"column":9},"end":{"line":114,"column":5}},"84":{"start":{"line":110,"column":8},"end":{"line":110,"column":96}},"85":{"start":{"line":110,"column":49},"end":{"line":110,"column":94}},"86":{"start":{"line":113,"column":8},"end":{"line":113,"column":96}},"87":{"start":{"line":113,"column":49},"end":{"line":113,"column":94}},"88":{"start":{"line":115,"column":22},"end":{"line":115,"column":64}},"89":{"start":{"line":116,"column":26},"end":{"line":116,"column":67}},"90":{"start":{"line":117,"column":4},"end":{"line":122,"column":6}},"91":{"start":{"line":124,"column":28},"end":{"line":144,"column":1}},"92":{"start":{"line":125,"column":22},"end":{"line":125,"column":24}},"93":{"start":{"line":126,"column":4},"end":{"line":135,"column":5}},"94":{"start":{"line":127,"column":8},"end":{"line":128,"column":99}},"95":{"start":{"line":128,"column":27},"end":{"line":128,"column":97}},"96":{"start":{"line":130,"column":9},"end":{"line":135,"column":5}},"97":{"start":{"line":131,"column":8},"end":{"line":131,"column":96}},"98":{"start":{"line":131,"column":49},"end":{"line":131,"column":94}},"99":{"start":{"line":134,"column":8},"end":{"line":134,"column":96}},"100":{"start":{"line":134,"column":49},"end":{"line":134,"column":94}},"101":{"start":{"line":136,"column":22},"end":{"line":136,"column":64}},"102":{"start":{"line":137,"column":26},"end":{"line":137,"column":67}},"103":{"start":{"line":138,"column":4},"end":{"line":143,"column":6}},"104":{"start":{"line":145,"column":24},"end":{"line":150,"column":32}},"105":{"start":{"line":145,"column":41},"end":{"line":150,"column":32}},"106":{"start":{"line":146,"column":21},"end":{"line":150,"column":30}},"107":{"start":{"line":151,"column":23},"end":{"line":159,"column":1}},"108":{"start":{"line":152,"column":21},"end":{"line":152,"column":30}},"109":{"start":{"line":153,"column":18},"end":{"line":153,"column":35}},"110":{"start":{"line":154,"column":27},"end":{"line":154,"column":66}},"111":{"start":{"line":155,"column":20},"end":{"line":155,"column":47}},"112":{"start":{"line":155,"column":42},"end":{"line":155,"column":46}},"113":{"start":{"line":156,"column":24},"end":{"line":156,"column":93}},"114":{"start":{"line":156,"column":64},"end":{"line":156,"column":91}},"115":{"start":{"line":157,"column":24},"end":{"line":157,"column":52}},"116":{"start":{"line":158,"column":4},"end":{"line":158,"column":38}},"117":{"start":{"line":160,"column":30},"end":{"line":168,"column":1}},"118":{"start":{"line":161,"column":27},"end":{"line":161,"column":66}},"119":{"start":{"line":162,"column":20},"end":{"line":162,"column":47}},"120":{"start":{"line":162,"column":42},"end":{"line":162,"column":46}},"121":{"start":{"line":163,"column":29},"end":{"line":163,"column":72}},"122":{"start":{"line":164,"column":24},"end":{"line":165,"column":87}},"123":{"start":{"line":165,"column":35},"end":{"line":165,"column":85}},"124":{"start":{"line":166,"column":24},"end":{"line":166,"column":52}},"125":{"start":{"line":167,"column":4},"end":{"line":167,"column":38}},"126":{"start":{"line":169,"column":0},"end":{"line":172,"column":2}}},"fnMap":{"0":{"name":"(anonymous_0)","decl":{"start":{"line":5,"column":18},"end":{"line":5,"column":19}},"loc":{"start":{"line":5,"column":46},"end":{"line":18,"column":1}},"line":5},"1":{"name":"(anonymous_1)","decl":{"start":{"line":19,"column":24},"end":{"line":19,"column":25}},"loc":{"start":{"line":19,"column":59},"end":{"line":35,"column":1}},"line":19},"2":{"name":"(anonymous_2)","decl":{"start":{"line":36,"column":27},"end":{"line":36,"column":28}},"loc":{"start":{"line":36,"column":60},"end":{"line":48,"column":1}},"line":36},"3":{"name":"(anonymous_3)","decl":{"start":{"line":39,"column":20},"end":{"line":39,"column":21}},"loc":{"start":{"line":39,"column":27},"end":{"line":39,"column":83}},"line":39},"4":{"name":"(anonymous_4)","decl":{"start":{"line":41,"column":20},"end":{"line":41,"column":21}},"loc":{"start":{"line":41,"column":27},"end":{"line":41,"column":83}},"line":41},"5":{"name":"(anonymous_5)","decl":{"start":{"line":45,"column":39},"end":{"line":45,"column":40}},"loc":{"start":{"line":45,"column":46},"end":{"line":45,"column":79}},"line":45},"6":{"name":"(anonymous_6)","decl":{"start":{"line":47,"column":35},"end":{"line":47,"column":36}},"loc":{"start":{"line":47,"column":42},"end":{"line":47,"column":75}},"line":47},"7":{"name":"(anonymous_7)","decl":{"start":{"line":49,"column":23},"end":{"line":49,"column":24}},"loc":{"start":{"line":49,"column":45},"end":{"line":53,"column":1}},"line":49},"8":{"name":"(anonymous_8)","decl":{"start":{"
[...]
line":109,"column":9},"end":{"line":114,"column":5}}],"line":109},"24":{"loc":{"start":{"line":110,"column":49},"end":{"line":110,"column":94}},"type":"binary-expr","locations":[{"start":{"line":110,"column":49},"end":{"line":110,"column":68}},{"start":{"line":110,"column":72},"end":{"line":110,"column":94}}],"line":110},"25":{"loc":{"start":{"line":113,"column":49},"end":{"line":113,"column":94}},"type":"binary-expr","locations":[{"start":{"line":113,"column":49},"end":{"line":113,"column":68}},{"start":{"line":113,"column":72},"end":{"line":113,"column":94}}],"line":113},"26":{"loc":{"start":{"line":118,"column":14},"end":{"line":118,"column":86}},"type":"cond-expr","locations":[{"start":{"line":118,"column":59},"end":{"line":118,"column":65}},{"start":{"line":118,"column":68},"end":{"line":118,"column":86}}],"line":118},"27":{"loc":{"start":{"line":118,"column":14},"end":{"line":118,"column":56}},"type":"binary-expr","locations":[{"start":{"line":118,"column":14},"end":{"line":118,"column":32}},{"start":{"line":118,"column":36},"end":{"line":118,"column":56}}],"line":118},"28":{"loc":{"start":{"line":126,"column":4},"end":{"line":135,"column":5}},"type":"if","locations":[{"start":{"line":126,"column":4},"end":{"line":135,"column":5}},{"start":{"line":126,"column":4},"end":{"line":135,"column":5}}],"line":126},"29":{"loc":{"start":{"line":128,"column":27},"end":{"line":128,"column":97}},"type":"binary-expr","locations":[{"start":{"line":128,"column":28},"end":{"line":128,"column":47}},{"start":{"line":128,"column":51},"end":{"line":128,"column":70}},{"start":{"line":128,"column":75},"end":{"line":128,"column":97}}],"line":128},"30":{"loc":{"start":{"line":130,"column":9},"end":{"line":135,"column":5}},"type":"if","locations":[{"start":{"line":130,"column":9},"end":{"line":135,"column":5}},{"start":{"line":130,"column":9},"end":{"line":135,"column":5}}],"line":130},"31":{"loc":{"start":{"line":131,"column":49},"end":{"line":131,"column":94}},"type":"binary-expr","locations":[{"start":{"line":131,"column":49},"end":{"line":131,"column":68}},{"start":{"line":131,"column":72},"end":{"line":131,"column":94}}],"line":131},"32":{"loc":{"start":{"line":134,"column":49},"end":{"line":134,"column":94}},"type":"binary-expr","locations":[{"start":{"line":134,"column":49},"end":{"line":134,"column":68}},{"start":{"line":134,"column":72},"end":{"line":134,"column":94}}],"line":134},"33":{"loc":{"start":{"line":139,"column":14},"end":{"line":139,"column":86}},"type":"cond-expr","locations":[{"start":{"line":139,"column":59},"end":{"line":139,"column":65}},{"start":{"line":139,"column":68},"end":{"line":139,"column":86}}],"line":139},"34":{"loc":{"start":{"line":139,"column":14},"end":{"line":139,"column":56}},"type":"binary-expr","locations":[{"start":{"line":139,"column":14},"end":{"line":139,"column":32}},{"start":{"line":139,"column":36},"end":{"line":139,"column":56}}],"line":139},"35":{"loc":{"start":{"line":146,"column":21},"end":{"line":150,"column":30}},"type":"binary-expr","locations":[{"start":{"line":146,"column":21},"end":{"line":146,"column":50}},{"start":{"line":147,"column":7},"end":{"line":147,"column":42}},{"start":{"line":148,"column":7},"end":{"line":148,"column":38}},{"start":{"line":149,"column":7},"end":{"line":149,"column":34}},{"start":{"line":150,"column":7},"end":{"line":150,"column":30}}],"line":146}},"s":{"0":1,"1":1,"2":1,"3":1,"4":0,"5":0,"6":0,"7":0,"8":0,"9":0,"10":0,"11":0,"12":0,"13":0,"14":0,"15":1,"16":0,"17":0,"18":0,"19":0,"20":0,"21":0,"22":0,"23":0,"24":0,"25":0,"26":0,"27":0,"28":0,"29":1,"30":0,"31":0,"32":0,"33":0,"34":0,"35":0,"36":0,"37":0,"38":0,"39":0,"40":0,"41":1,"42":0,"43":0,"44":0,"45":1,"46":0,"47":0,"48":0,"49":0,"50":0,"51":0,"52":0,"53":0,"54":0,"55":0,"56":0,"57":1,"58":0,"59":0,"60":0,"61":1,"62":0,"63":0,"64":0,"65":1,"66":0,"67":0,"68":0,"69":0,"70":0,"71":0,"72":0,"73":0,"74":1,"75":0,"76":0,"77":1,"78":0,"79":0,"80":0,"81":0,"82":0,"83":0,"84":0,"85":0,"86":0,"87":0,"88":0,"89":0,"90":0,"91":1,"92":0,"93":0,"94":0,"95":0,"96":0,"97":0,"98":0,"99":0,"100":0,"101":0,"102":0,"103":0,"104":1,"105":0,"106":0,"107":1,"108":2,"109":2,"110":2,"111":0,"112":0,"113":0,"114":0,"115":0,"116":0,"117":1,"118":1,"119":0,"120":0,"121":0,"122":0,"123":0,"124":0,"125":0,"126":1},"f":{"0":0,"1":0,"2":0,"3":0,"4":0,"5":0,"6":0,"7":0,"8":0,"9":0,"10":0,"11":0,"12":0,"13":0,"14":0,"15":0,"16":0,"17":0,"18":0,"19":0,"20":0,"21":0,"22":0,"23":0,"24":0,"25":0,"26":0,"27":0,"28":0,"29":2,"30":0,"31":0,"32":1,"33":0,"34":0},"b":{"0":[0,0],"1":[0,0],"2":[0,0],"3":[0,0],"4":[0,0],"5":[0,0],"6":[0,0],"7":[0,0],"8":[0,0],"9":[0,0],"10":[0,0],"11":[0,0],"12":[0,0],"13":[0,0],"14":[0,0],"15":[0,0],"16":[0,0],"17":[0,0],"18":[0,0],"19":[0,0],"20":[0,0],"21":[0,0],"22":[0,0,0],"23":[0,0],"24":[0,0],"25":[0,0],"26":[0,0],"27":[0,0],"28":[0,0],"29":[0,0,0],"30":[0,0],"31":[0,0],"32":[0,0],"33":[0,0],"34":[0,0],"35":[0,0,0,0,0]},"inputSourceMap":{"version":3,"file":"/media/guilherme/Novo volume1/Linux/projetos-trybe/sd-023-b-trybe-futebol-clube/app/backend/src/controllers/leaderboardController.ts","sources":["/media/guilherme/Novo volume1/Linux/projetos-trybe/sd-023-b-trybe-futebol-clube/app/backend/src/controllers/leaderboardController.ts"],"names":[],"mappings":";;AAEA,+DAAwD;AACxD,2DAAoD;AAEpD,MAAM,SAAS,GAAG,CAAC,WAAmB,EAAE,KAAiB,EAAE,EAAU,EAAE,EAAE;IACvE,IAAI,EAAE,KAAK,KAAK,CAAC,UAAU,EAAE;QAC3B,IAAI,KAAK,CAAC,aAAa,GAAG,KAAK,CAAC,aAAa;YAAE,OAAO,WAAW,GAAG,CAAC,CAAC;QACtE,IAAI,KAAK,CAAC,aAAa,GAAG,KAAK,CAAC,aAAa;YAAE,OAAO,WAAW,CAAC;QAClE,OAAO,WAAW,GAAG,CAAC,CAAC;KACxB;IACD,IAAI,KAAK,CAAC,aAAa,GAAG,KAAK,CAAC,aAAa;QAAE,OAAO,WAAW,GAAG,CAAC,CAAC;IACtE,IAAI,KAAK,CAAC,aAAa,GAAG,KAAK,CAAC,aAAa;QAAE,OAAO,WAAW,CAAC;IAClE,OAAO,WAAW,GAAG,CAAC,CAAC;AACzB,CAAC,CAAC;AAEF,MAAM,eAAe,GAAG,CAAC,WAAmB,EAAE,KAAiB,EAAE,KAAa,EAAE,EAAU,EAAE,EAAE;IAC5F,IAAI,KAAK,KAAK,SAAS,EAAE;QACvB,OAAO,SAAS,CAAC,WAAW,EAAE,KAAK,EAAE,EAAE,CAAC,CAAC;KAC1C;IACD,IAAI,KAAK,KAAK,MAAM,EAAE;QACpB,IAAI,KAAK,CAAC,aAAa,GAAG,KAAK,CAAC,aAAa;YAAE,OAAO,WAAW,GAAG,CAAC,CAAC;QACtE,IAAI,KAAK,CAAC,aAAa,GAAG,KAAK,CAAC,aAAa;YAAE,OAAO,WAAW,GAAG,CAAC,CAAC;QACtE,OAAO,WAAW,GAAG,CAAC,CAAC;KACxB;IACD,IAAI,KAAK,CAAC,aAAa,GAAG,KAAK,CAAC,aAAa;QAAE,OAAO,WAAW,GAAG,CAAC,CAAC;IACtE,IAAI,KAAK,CAAC,aAAa,GAAG,KAAK,CAAC,aAAa;QAAE,OAAO,WAAW,GAAG,CAAC,CAAC;IACtE,OAAO,WAAW,GAAG,CAAC,CAAC;AACzB,CAAC,CAAC;AAEF,MAAM,kBAAkB,GAAG,CAAC,gBAA8B,EAAE,KAAa,EAAE,EAAU,EAAU,EAAE;IAC/F,IAAI,KAAK,KAAK,SAAS,EAAE;QACvB,MAAM,WAAW,GAAG,gBAAgB;aACjC,MAAM,CAAC,CAAC,CAAa,EAAE,EAAE,CAAC,CAAC,CAAC,UAAU,KAAK,EAAE,IAAI,CAAC,CAAC,aAAa,GAAG,CAAC,CAAC,aAAa,CAAC,CAAC,MAAM,CAAC;QAC9F,MAAM,WAAW,GAAG,gBAAgB;aACjC,MAAM,CAAC,CAAC,CAAa,EAAE,EAAE,CAAC,CAAC,CAAC,UAAU,KAAK,EAAE,IAAI,CAAC,CAAC,aAAa,GAAG,CAAC,CAAC,aAAa,CAAC,CAAC,MAAM,CAAC;QAC9F,OAAO,WAAW,GAAG,WAAW,CAAC;KAClC;IAAC,IAAI,KAAK,KAAK,MAAM,EAAE;QACtB,OAAO,gBAAgB,CAAC,MAAM,CAAC,CAAC,CAAa,EAAE,EAAE,CAAC,CAAC,CAAC,aAAa,GAAG,CAAC,CAAC,aAAa,CAAC,CAAC,MAAM,CAAC;KAC7F;IACD,OAAO,gBAAgB,CAAC,MAAM,CAAC,CAAC,CAAa,EAAE,EAAE,CAAC,CAAC,CAAC,aAAa,GAAG,CAAC,CAAC,aAAa,CAAC,CAAC,MAAM,CAAC;AAC9F,CAAC,CAAC;AAEF,MAAM,cAAc,GAAG,CAAC,gBAA8B,EAAU,EAAE;IAChE,MAAM,MAAM,GAAG,gBAAgB;SAC5B,MAAM,CAAC,CAAC,CAAa,EAAE,EAAE,CAAC,CAAC,CAAC,aAAa,KAAK,CAAC,CAAC,aAAa,CAAC,CAAC,MAAM,CAAC;IACzE,OAAO,MAAM,CAAC;AAChB,CAAC,CAAC;AAEF,MAAM,eAAe,GAAG,CAAC,gBAA8B,EAAE,KAAa,EAAE,EAAU,EAAE,EAAE;IACpF,IAAI,KAAK,KAAK,SAAS,EAAE;QACvB,MAAM,UAAU,GAAG,gBAAgB;aAChC,MAAM,CAAC,CAAC,CAAa,EAAE,EAAE,CAAC,CAAC,CAAC,UAAU,KAAK,EAAE,IAAI,CAAC,CAAC,aAAa,GAAG,CAAC,CAAC,aAAa,CAAC,CAAC,MAAM,CAAC;QAC9F,MAAM,UAAU,GAAG,gBAAgB;aAChC,MAAM,CAAC,CAAC,CAAa,EAAE,EAAE,CAAC,CAAC,CAAC,UAAU,KAAK,EAAE,IAAI,CAAC,CAAC,aAAa,GAAG,CAAC,CAAC,aAAa,CAAC,CAAC,MAAM,CAAC;QAC9F,OAAO,UAAU,GAAG,UAAU,CAAC;KAChC;IAAC,IAAI,KAAK,KAAK,MAAM,EAAE;QACtB,OAAO,gBAAgB,CAAC,MAAM,CAAC,CAAC,CAAa,EAAE,EAAE,CAAC,CAAC,CAAC,aAAa,GAAG,CAAC,CAAC,aAAa,CAAC,CAAC,MAAM,CAAC;KAC7F;IACD,OAAO,gBAAgB,CAAC,MAAM,CAAC,CAAC,CAAa,EAAE,EAAE,CAAC,CAAC,CAAC,aAAa,GAAG,CAAC,CAAC,aAAa,CAAC,CAAC,MAAM,CAAC;AAC9F,CAAC,CAAC;AAEF,MAAM,mBAAmB,GAAG,CAAC,KAAiB,EAAE,EAAU,EAAE,EAAE;IAC5D,IAAI,EAAE,KAAK,KAAK,CAAC,UAAU,EAAE;QAC3B,OAAO,KAAK,CAAC,aAAa,CAAC;KAC5B;IACD,OAAO,KAAK,CAAC,aAAa,CAAC;AAC7B,CAAC,CAAC;AAEF,MAAM,iBAAiB,GAAG,CAAC,KAAiB,EAAE,EAAU,EAAE,EAAE;IAC1D,IAAI,EAAE,KAAK,KAAK,CAAC,UAAU,EAAE;QAC3B,OAAO,KAAK,CAAC,aAAa,CAAC;KAC5B;IACD,OAAO,KAAK,CAAC,aAAa,CAAC;AAC7B,CAAC,CAAC;AAEF,MAAM,kBAAkB,GAAG,CAAC,gBAA8B,EAAE,KAAa,EAAE,EAAU,EAAE,EAAE;IACvF,MAAM,SAAS,GAAG;QAChB,WAAW,EAAE,CAAC;QACd,UAAU,EAAE,gBAAgB,CAAC,MAAM;QACnC,cAAc,EAAE,kBAAkB,CAAC,gBAAgB,EAAE,KAAK,EAAE,EAAE,CAAC;QAC/D,UAAU,EAAE,cAAc,CAAC,gBAAgB,CAAC;QAC5C,WAAW,EAAE,eAAe,CAAC,gBAAgB,EAAE,KAAK,EAAE,EAAE,CAAC;QACzD,UAAU,EAAE,CAAC;QACb,QAAQ,EAAE,CAAC;KACZ,CAAC;IACF,gBAAgB,CAAC,GAAG,CAAC,CAAC,KAAiB,EAAE,EAAE;QACzC,MAAM,MAAM,GAAG,eAAe,CAAC,SAAS,CAAC,WAAW,EAAE,KAAK,EAAE,KAAK,EAAE,EAAE,CAAC,CAAC;QACxE,SAAS,CAAC,WAAW,GAAG,MAAM,CAAC;QAC/B,SAAS,CAAC,UAAU,IAAI,mBAAmB,CAAC,KAAK,EAAE,EAAE,CAAC,CAAC;QACvD,SAAS,CAAC,QAAQ,IAAI,iBAAiB,CAAC,KAAK,EAAE,EAAE,CAAC,CAAC;QACnD,OAAO,IAAI,CAAC;IACd,CAAC,CAAC,CAAC;IACH,OAAO,SAAS,CAAC;AACnB,CAAC,CAAC;AAEF,MAAM,mBAAmB,GAAG,CAAC,OAAe,EAAE,MAAc,EAAE,EAAE;IAC9D,MAAM,UAAU,GAAG,CAAC,CAAC,MAAM,GAAG,GAAG,CAAC,GAAG,CAAC,OAAO,GAAG,CAAC,CAAC,CAAC,CAAC,OAAO,CAAC,CAAC,CAAC,CAAC;IAC/D,OAAO,UAAU,CAAC;AACpB,CAAC,CAAC;AAEF,MAAM,cAAc,GAAG,KAAK,EAAE,EAAU,EAAE,KAAa,EAAE,EAAE;IACzD,MAAM,EAAE,YAAY,EAAE,GAAG,MAAM,wBAAc,CAAC,UAAU,EAAE,CAAC;IAC3D,IAAI,WAAW,GAAG,EAAE,CAAC;IACrB,IAAI,KAAK,KAAK,SAAS,EAAE;QACvB,WAAW,GAAG,YAAY;aACvB,MAAM,CAAC,CAAC,CAAC,EAAE,EAAE,CAAC,CAAC,CAAC,CAAC,UAAU,KAAK,EAAE,IAAI,CAAC,CAAC,UAAU,KAAK,EAAE,CAAC,IAAI,CAAC,CAAC,UAAU,KAAK,KAAK,CAAC,CAAC;KAC1F;SAAM,IAAI,KAAK,KAAK,MAAM,EAAE;QAC3B,WAAW,GAAG,YAAY,CAAC,MAAM,CAAC,CAAC,CAAC,EAAE,EAAE,CAAC,CAAC,CAAC,UAAU,KAAK,EAAE,IAAI,CAAC,CAAC,UAAU,KAAK,KAAK,CAAC,CAAC;KACzF;SAAM;QACL,WAAW,GAAG,YAAY,CAAC,MAAM,CAAC,CAAC,CAAC,EAAE,EAAE,CAAC,CAAC,CAAC,UAAU,KAAK,EAAE,IAAI,CAAC,CAAC,UAAU,KAAK,KAAK,CAAC,CAAC;KACzF;IACD,MAAM,SAAS,GAAG,kBAAkB,CAAC,WAAW,EAAE,KAAK,EAAE,EAAE,CAAC,CAAC;IAC7D,MAAM,EAAE,SAAS,EAAE,GAAG,MAAM,sBAAY,CAAC,QAAQ,CAAC,EAAE,CAAC,CAAC;IACtD,OAAO;QACL,IAAI,EAAE,SAAS,aAAT,SAAS,uBAAT,SAAS,CAAE,QAAQ;QACzB,GAAG,SAAS;QACZ,YAAY,EAAE,SAAS,CAAC,UAAU,GAAG,SAAS,CAAC,QAAQ;QACvD,UAAU,EAAE,mBAAmB,CAAC,WAAW,CAAC,MAAM,EAAE,SAAS,CAAC,WAAW,CAAC;KAC3E,CAAC;AACJ,CAAC,CAAC;AAEF,MAAM,mBAAmB,GAAG,KAAK,EAAE,EAAU,EAAE,KAAa,EAAE,YAA0B,EAAE,EAAE;IAC1F,IAAI,WAAW,GAAG,EAAE,CAAC;IACrB,IAAI,KAAK,KAAK,SAAS,EAAE;QACvB,WAAW,GAAG,YAAY;aACvB,MAAM,CAAC,CAAC,CAAC,EAAE,EAAE,CAAC,CAAC,CAAC,CAAC,UAAU,KAAK,EAAE,IAAI,CAAC,CAAC,UAAU,KAAK,EAAE,CAAC,IAAI,CAAC,CAAC,UAAU,KAAK,KAAK,CAAC,CAAC;KAC1F;SAAM,IAAI,KAAK,KAAK,MAAM,EAAE;QAC3B,WAAW,GAAG,YAAY,CAAC,MAAM,CAAC,CAAC,CAAC,EAAE,EAAE,CAAC,CAAC,CAAC,UAAU,KAAK,EAAE,IAAI,CAAC,CAAC,UAAU,KAAK,KAAK,CAAC,CAAC;KACzF;SAAM;QACL,WAAW,GAAG,YAAY,CAAC,MAAM,CAAC,CAAC,CAAC,EAAE,EAAE,CAAC,CAAC,CAAC,UAAU,KAAK,EAAE,IAAI,CAAC,CAAC,UAAU,KAAK,KAAK,CAAC,CAAC;KACzF;IACD,MAAM,SAAS,GAAG,kBAAkB,CAAC,WAAW,EAAE,KAAK,EAAE,EAAE,CAAC,CAAC;IAC7D,MAAM,EAAE,SAAS,EAAE,GAAG,MAAM,sBAAY,CAAC,QAAQ,CAAC,EAAE,CAAC,CAAC;IACtD,OAAO;QACL,IAAI,EAAE,SAAS,aAAT,SAAS,uBAAT,SAAS,CAAE,QAAQ;QACzB,GAAG,SAAS;QACZ,YAAY,EAAE,SAAS,CAAC,UAAU,GAAG,SAAS,CAAC,QAAQ;QACvD,UAAU,EAAE,mBAAmB,CAAC,WAAW,CAAC,MAAM,EAAE,SAAS,CAAC,WAAW,CAAC;KAC3E,CAAC;AACJ,CAAC,CAAC;AAEF,MAAM,eAAe,GAAG,CAAC,WAAyB,EAAE,EAAE,CAAC,WAAW;KAC/D,IAAI,CAAC,CAAC,CAAa,EAAE,CAAa,EAAE,EAAE,CAAC,CACtC,CAAC,CAAC,WAAW,GAAG,CAAC,CAAC,WAAW;OAC1B,CAAC,CAAC,cAAc,GAAG,CAAC,CAAC,cAAc;OACnC,CAAC,CAAC,YAAY,GAAG,CAAC,CAAC,YAAY;OAC/B,CAAC,CAAC,UAAU,GAAG,CAAC,CAAC,UAAU;OAC3B,CAAC,CAAC,QAAQ,GAAG,CAAC,CAAC,QAAQ,CAC3B,CAAC,CAAC;AAEL,MAAM,cAAc,GAAG,KAAK,EAAE,GAAY,EAAE,GAAa,EAAiB,EAAE;IAC1E,MAAM,EAAE,IAAI,EAAE,GAAG,GAAG,CAAC,KAAK,CAAC;IAC3B,MAAM,KAAK,GAAG,IAAI,CAAC,SAAS,CAAC,CAAC,CAAC,CAAC;IAChC,MAAM,EAAE,UAAU,EAAE,GAAG,MAAM,sBAAY,CAAC,QAAQ,EAAE,CAAC;IACrD,MAAM,OAAO,GAAG,UAAU,CAAC,GAAG,CAAC,CAAC,CAAC,EAAE,EAAE,CAAC,CAAC,CAAC,EAAE,CAAC,CAAC;IAC5C,MAAM,WAAW,GAAG,MAAM,OAAO,CAAC,GAAG,CAAC,OAAO,CAAC,GAAG,CAAC,CAAC,IAAI,EAAE,EAAE,CAAC,cAAc,CAAC,IAAI,EAAE,KAAK,CAAC,CAAC,CAAC,CAAC;IAC1F,MAAM,WAAW,GAAG,eAAe,CAAC,WAAW,CAAC,CAAC;IACjD,GAAG,CAAC,MAAM,CAAC,GAAG,CAAC,CAAC,IAAI,CAAC,WAAW,CAAC,CAAC;AACpC,CAAC,CAAC;AAEF,MAAM,qBAAqB,GAAG,KAAK,EAAE,GAAY,EAAE,GAAa,EAAiB,EAAE;IACjF,MAAM,EAAE,UAAU,EAAE,GAAG,MAAM,sBAAY,CAAC,QAAQ,EAAE,CAAC;IACrD,MAAM,OAAO,GAAG,UAAU,CAAC,GAAG,CAAC,CAAC,CAAC,EAAE,EAAE,CAAC,CAAC,CAAC,EAAE,CAAC,CAAC;IAC5C,MAAM,EAAE,YAAY,EAAE,GAAG,MAAM,wBAAc,CAAC,UAAU,EAAE,CAAC;IAC3D,MAAM,WAAW,GAAG,MAAM,OAAO;SAC9B,GAAG,CAAC,OAAO,CAAC,GAAG,CAAC,CAAC,IAAI,EAAE,EAAE,CAAC,mBAAmB,CAAC,IAAI,EAAE,SAAS,EAAE,YAAY,CAAC,CAAC,CAAC,CAAC;IAClF,MAAM,WAAW,GAAG,eAAe,CAAC,WAAW,CAAC,CAAC;IACjD,GAAG,CAAC,MAAM,CAAC,GAAG,CAAC,CAAC,IAAI,CAAC,WAAW,CAAC,CAAC;AACpC,CAAC,CAAC;AAEF,kBAAe;IACb,cAAc;IACd,qBAAqB;CACtB,CAAC","sourcesContent":["import { Request, Response } from 'express';\nimport { IFullMatch, ITeamMatch } from '../interfaces/IMatch';\nimport matchesService from '../services/matchesService';\nimport teamsService from '../services/teamsService';\n\nconst allPoints = (totalPoints: number, match: IFullMatch, id: number) => {\n  if (id === match.homeTeamId) {\n    if (match.homeTeamGoals > match.awayTeamGoals) return totalPoints + 3;\n    if (match.homeTeamGoals < match.awayTeamGoals) return totalPoints;\n    return totalPoints + 1;\n  }\n  if (match.homeTeamGoals < match.awayTeamGoals) return totalPoints + 3;\n  if (match.homeTeamGoals > match.awayTeamGoals) return totalPoints;\n  return totalPoints + 1;\n};\n\nconst calculatePoints = (totalPoints: number, match: IFullMatch, query: string, id: number) => {\n  if (query === 'general') {\n    return allPoints(totalPoints, match, id);\n  }\n  if (query === 'home') {\n    if (match.homeTeamGoals > match.awayTeamGoals) return totalPoints + 3;\n    if (match.homeTeamGoals < match.awayTeamGoals) return totalPoints + 0;\n    return totalPoints + 1;\n  }\n  if (match.homeTeamGoals < match.awayTeamGoals) return totalPoints + 3;\n  if (match.homeTeamGoals > match.awayTeamGoals) return totalPoints + 0;\n  return totalPoints + 1;\n};\n\nconst calculateVictories = (teamMatchesFound: IFullMatch[], query: string, id: number): number => {\n  if (query === 'general') {\n    const homeVictory = teamMatchesFound\n      .filter((e: IFullMatch) => e.homeTeamId === id && e.homeTeamGoals > e.awayTeamGoals).length;\n    const awayVictory = teamMatchesFound\n      .filter((e: IFullMatch) => e.awayTeamId === id && e.awayTeamGoals > e.homeTeamGoals).length;\n    return homeVictory + awayVictory;\n  } if (query === 'home') {\n    return teamMatchesFound.filter((e: IFullMatch) => e.homeTeamGoals > e.awayTeamGoals).length;\n  }\n  return teamMatchesFound.filter((e: IFullMatch) => e.awayTeamGoals > e.homeTeamGoals).length;\n};\n\nconst calculateDraws = (teamMatchesFound: IFullMatch[]): number => {\n  const result = teamMatchesFound\n    .filter((e: IFullMatch) => e.homeTeamGoals === e.awayTeamGoals).length;\n  return result;\n};\n\nconst calculateLosses = (teamMatchesFound: IFullMatch[], query: string, id: number) => {\n  if (query === 'general') {\n    const homeLosses = teamMatchesFound\n      .filter((e: IFullMatch) => e.homeTeamId === id && e.homeTeamGoals < e.awayTeamGoals).length;\n    const awayLosses = teamMatchesFound\n      .filter((e: IFullMatch) => e.awayTeamId === id && e.awayTeamGoals < e.homeTeamGoals).length;\n    return homeLosses + awayLosses;\n  } if (query === 'home') {\n    return teamMatchesFound.filter((e: IFullMatch) => e.homeTeamGoals < e.awayTeamGoals).length;\n  }\n  return teamMatchesFound.filter((e: IFullMatch) => e.awayTeamGoals < e.homeTeamGoals).length;\n};\n\nconst calculateGoalsFavor = (match: IFullMatch, id: number) => {\n  if (id === match.homeTeamId) {\n    return match.homeTeamGoals;\n  }\n  return match.awayTeamGoals;\n};\n\nconst calculateGoalsOwn = (match: IFullMatch, id: number) => {\n  if (id === match.homeTeamId) {\n    return match.awayTeamGoals;\n  }\n  return match.homeTeamGoals;\n};\n\nconst calculateTeamStats = (teamMatchesFound: IFullMatch[], query: string, id: number) => {\n  const teamStats = {\n    totalPoints: 0,\n    totalGames: teamMatchesFound.length,\n    totalVictories: calculateVictories(teamMatchesFound, query, id),\n    totalDraws: calculateDraws(teamMatchesFound),\n    totalLosses: calculateLosses(teamMatchesFound, query, id),\n    goalsFavor: 0,\n    goalsOwn: 0,\n  };\n  teamMatchesFound.map((match: IFullMatch) => {\n    const points = calculatePoints(teamStats.totalPoints, match, query, id);\n    teamStats.totalPoints = points;\n    teamStats.goalsFavor += calculateGoalsFavor(match, id);\n    teamStats.goalsOwn += calculateGoalsOwn(match, id);\n    return true;\n  });\n  return teamStats;\n};\n\nconst calculateEfficiency = (matches: number, points: number) => {\n  const efficiency = ((points * 100) / (matches * 3)).toFixed(2);\n  return efficiency;\n};\n\nconst getTeamMatches = async (id: number, query: string) => {\n  const { matchesFound } = await matchesService.getMatches();\n  let teamMatches = [];\n  if (query === 'general') {\n    teamMatches = matchesFound\n      .filter((e) => (e.homeTeamId === id || e.awayTeamId === id) && e.inProgress === false);\n  } else if (query === 'home') {\n    teamMatches = matchesFound.filter((e) => e.homeTeamId === id && e.inProgress === false);\n  } else {\n    teamMatches = matchesFound.filter((e) => e.awayTeamId === id && e.inProgress === false);\n  }\n  const teamStats = calculateTeamStats(teamMatches, query, id);\n  const { teamFound } = await teamsService.findTeam(id);\n  return {\n    name: teamFound?.teamName,\n    ...teamStats,\n    goalsBalance: teamStats.goalsFavor - teamStats.goalsOwn,\n    efficiency: calculateEfficiency(teamMatches.length, teamStats.totalPoints),\n  };\n};\n\nconst getTeamMatchesTeste = async (id: number, query: string, matchesFound: IFullMatch[]) => {\n  let teamMatches = [];\n  if (query === 'general') {\n    teamMatches = matchesFound\n      .filter((e) => (e.homeTeamId === id || e.awayTeamId === id) && e.inProgress === false);\n  } else if (query === 'home') {\n    teamMatches = matchesFound.filter((e) => e.homeTeamId === id && e.inProgress === false);\n  } else {\n    teamMatches = matchesFound.filter((e) => e.awayTeamId === id && e.inProgress === false);\n  }\n  const teamStats = calculateTeamStats(teamMatches, query, id);\n  const { teamFound } = await teamsService.findTeam(id);\n  return {\n    name: teamFound?.teamName,\n    ...teamStats,\n    goalsBalance: teamStats.goalsFavor - teamStats.goalsOwn,\n    efficiency: calculateEfficiency(teamMatches.length, teamStats.totalPoints),\n  };\n};\n\nconst sortLeaderboard = (teamMatches: ITeamMatch[]) => teamMatches\n  .sort((a: ITeamMatch, b: ITeamMatch) => (\n    b.totalPoints - a.totalPoints\n    || b.totalVictories - a.totalVictories\n    || b.goalsBalance - a.goalsBalance\n    || b.goalsFavor - a.goalsFavor\n    || a.goalsOwn - b.goalsOwn\n  ));\n\nconst getLeaderboard = async (req: Request, res: Response): Promise<void> => {\n  const { path } = req.route;\n  const query = path.substring(1);\n  const { teamsFound } = await teamsService.getTeams();\n  const teamsId = teamsFound.map((e) => e.id);\n  const teamMatches = await Promise.all(teamsId.map((team) => getTeamMatches(team, query)));\n  const pointsOrder = sortLeaderboard(teamMatches);\n  res.status(200).json(pointsOrder);\n};\n\nconst getGeneralLeaderboard = async (req: Request, res: Response): Promise<void> => {\n  const { teamsFound } = await teamsService.getTeams();\n  const teamsId = teamsFound.map((e) => e.id);\n  const { matchesFound } = await matchesService.getMatches();\n  const teamMatches = await Promise\n    .all(teamsId.map((team) => getTeamMatchesTeste(team, 'general', matchesFound)));\n  const pointsOrder = sortLeaderboard(teamMatches);\n  res.status(200).json(pointsOrder);\n};\n\nexport default {\n  getLeaderboard,\n  getGeneralLeaderboard,\n};\n"]},"_coverageSchema":"1a1c01bbd47fc00a2c39e90264f33305004495a9","hash":"cab025e9be43c7af0b71db79267b6b44f12fa29f"}}